<?xml version="1.0" encoding="UTF-8"?>
<coverage generated="1762750145356" clover="3.2.0">
  <project timestamp="1762750145357" name="All files">
    <metrics statements="510" coveredstatements="366" conditionals="220" coveredconditionals="132" methods="149" coveredmethods="85" elements="879" coveredelements="583" complexity="0" loc="510" ncloc="510" packages="9" files="22" classes="22"/>
    <package name="api">
      <metrics statements="14" coveredstatements="4" conditionals="6" coveredconditionals="0" methods="3" coveredmethods="0"/>
      <file name="api.ts" path="D:\Nam_4_2025_2026\Mobile\BTL\programming_mobile_e_learning_N23\e-learning-frontend\api\api.ts">
        <metrics statements="14" coveredstatements="4" conditionals="6" coveredconditionals="0" methods="3" coveredmethods="0"/>
        <line num="4" count="11" type="stmt"/>
        <line num="6" count="11" type="stmt"/>
        <line num="11" count="11" type="stmt"/>
        <line num="12" count="0" type="stmt"/>
        <line num="13" count="0" type="cond" truecount="0" falsecount="2"/>
        <line num="14" count="0" type="stmt"/>
        <line num="16" count="0" type="stmt"/>
        <line num="19" count="11" type="stmt"/>
        <line num="22" count="0" type="stmt"/>
        <line num="26" count="0" type="cond" truecount="0" falsecount="4"/>
        <line num="28" count="0" type="stmt"/>
        <line num="31" count="0" type="stmt"/>
        <line num="32" count="0" type="stmt"/>
        <line num="36" count="0" type="stmt"/>
      </file>
    </package>
    <package name="app.(tabs)">
      <metrics statements="191" coveredstatements="133" conditionals="87" coveredconditionals="61" methods="69" coveredmethods="34"/>
      <file name="home.tsx" path="D:\Nam_4_2025_2026\Mobile\BTL\programming_mobile_e_learning_N23\e-learning-frontend\app\(tabs)\home.tsx">
        <metrics statements="52" coveredstatements="30" conditionals="38" coveredconditionals="26" methods="20" coveredmethods="8"/>
        <line num="43" count="1" type="stmt"/>
        <line num="45" count="10" type="stmt"/>
        <line num="46" count="10" type="stmt"/>
        <line num="47" count="10" type="stmt"/>
        <line num="55" count="10" type="stmt"/>
        <line num="57" count="10" type="cond" truecount="3" falsecount="0"/>
        <line num="58" count="10" type="cond" truecount="3" falsecount="0"/>
        <line num="59" count="10" type="cond" truecount="3" falsecount="0"/>
        <line num="60" count="10" type="cond" truecount="3" falsecount="0"/>
        <line num="61" count="10" type="cond" truecount="3" falsecount="0"/>
        <line num="63" count="10" type="stmt"/>
        <line num="65" count="10" type="stmt"/>
        <line num="66" count="10" type="stmt"/>
        <line num="67" count="10" type="stmt"/>
        <line num="68" count="10" type="stmt"/>
        <line num="69" count="10" type="stmt"/>
        <line num="73" count="10" type="cond" truecount="2" falsecount="0"/>
        <line num="75" count="10" type="cond" truecount="2" falsecount="0"/>
        <line num="76" count="5" type="stmt"/>
        <line num="85" count="5" type="stmt"/>
        <line num="94" count="5" type="stmt"/>
        <line num="96" count="5" type="stmt"/>
        <line num="99" count="0" type="cond" truecount="0" falsecount="5"/>
        <line num="101" count="0" type="stmt"/>
        <line num="102" count="0" type="stmt"/>
        <line num="105" count="0" type="stmt"/>
        <line num="106" count="0" type="stmt"/>
        <line num="109" count="0" type="stmt"/>
        <line num="113" count="0" type="stmt"/>
        <line num="116" count="0" type="stmt"/>
        <line num="117" count="0" type="stmt"/>
        <line num="120" count="0" type="stmt"/>
        <line num="121" count="0" type="stmt"/>
        <line num="125" count="5" type="stmt"/>
        <line num="150" count="0" type="stmt"/>
        <line num="163" count="0" type="stmt"/>
        <line num="200" count="0" type="stmt"/>
        <line num="208" count="4" type="stmt"/>
        <line num="211" count="2" type="stmt"/>
        <line num="218" count="0" type="stmt"/>
        <line num="232" count="0" type="stmt"/>
        <line num="240" count="2" type="stmt"/>
        <line num="242" count="1" type="stmt"/>
        <line num="243" count="1" type="stmt"/>
        <line num="264" count="0" type="stmt"/>
        <line num="272" count="0" type="stmt"/>
        <line num="274" count="0" type="stmt"/>
        <line num="292" count="0" type="stmt"/>
        <line num="316" count="0" type="stmt"/>
        <line num="335" count="0" type="stmt"/>
        <line num="343" count="2" type="stmt"/>
        <line num="345" count="1" type="stmt"/>
      </file>
      <file name="mycourses.tsx" path="D:\Nam_4_2025_2026\Mobile\BTL\programming_mobile_e_learning_N23\e-learning-frontend\app\(tabs)\mycourses.tsx">
        <metrics statements="38" coveredstatements="27" conditionals="7" coveredconditionals="2" methods="14" coveredmethods="3"/>
        <line num="32" count="1" type="stmt"/>
        <line num="41" count="0" type="stmt"/>
        <line num="43" count="0" type="stmt"/>
        <line num="45" count="0" type="stmt"/>
        <line num="71" count="1" type="stmt"/>
        <line num="72" count="521" type="stmt"/>
        <line num="73" count="520" type="stmt"/>
        <line num="74" count="520" type="stmt"/>
        <line num="75" count="520" type="stmt"/>
        <line num="78" count="520" type="stmt"/>
        <line num="79" count="520" type="stmt"/>
        <line num="85" count="520" type="cond" truecount="0" falsecount="1"/>
        <line num="86" count="520" type="stmt"/>
        <line num="87" count="520" type="cond" truecount="1" falsecount="1"/>
        <line num="88" count="520" type="stmt"/>
        <line num="91" count="520" type="stmt"/>
        <line num="92" count="416" type="stmt"/>
        <line num="94" count="52" type="stmt"/>
        <line num="100" count="468" type="stmt"/>
        <line num="101" count="468" type="stmt"/>
        <line num="105" count="520" type="stmt"/>
        <line num="107" count="520" type="stmt"/>
        <line num="108" count="520" type="stmt"/>
        <line num="110" count="520" type="stmt"/>
        <line num="114" count="520" type="stmt"/>
        <line num="115" count="0" type="stmt"/>
        <line num="116" count="0" type="stmt"/>
        <line num="119" count="520" type="stmt"/>
        <line num="120" count="520" type="stmt"/>
        <line num="123" count="520" type="stmt"/>
        <line num="125" count="0" type="stmt"/>
        <line num="132" count="0" type="stmt"/>
        <line num="139" count="0" type="stmt"/>
        <line num="147" count="520" type="cond" truecount="1" falsecount="1"/>
        <line num="148" count="520" type="stmt"/>
        <line num="177" count="0" type="stmt"/>
        <line num="204" count="0" type="stmt"/>
        <line num="222" count="0" type="stmt"/>
      </file>
      <file name="profile.tsx" path="D:\Nam_4_2025_2026\Mobile\BTL\programming_mobile_e_learning_N23\e-learning-frontend\app\(tabs)\profile.tsx">
        <metrics statements="40" coveredstatements="30" conditionals="16" coveredconditionals="14" methods="11" coveredmethods="7"/>
        <line num="25" count="1" type="stmt"/>
        <line num="27" count="625" type="stmt"/>
        <line num="28" count="624" type="stmt"/>
        <line num="30" count="624" type="stmt"/>
        <line num="31" count="624" type="stmt"/>
        <line num="32" count="624" type="stmt"/>
        <line num="34" count="624" type="stmt"/>
        <line num="35" count="1872" type="cond" truecount="2" falsecount="0"/>
        <line num="37" count="1872" type="stmt"/>
        <line num="39" count="624" type="stmt"/>
        <line num="41" count="624" type="stmt"/>
        <line num="42" count="624" type="stmt"/>
        <line num="43" count="624" type="stmt"/>
        <line num="47" count="624" type="stmt"/>
        <line num="48" count="624" type="cond" truecount="2" falsecount="0"/>
        <line num="49" count="52" type="stmt"/>
        <line num="50" count="52" type="stmt"/>
        <line num="52" count="572" type="stmt"/>
        <line num="53" count="572" type="stmt"/>
        <line num="56" count="520" type="stmt"/>
        <line num="58" count="52" type="stmt"/>
        <line num="65" count="624" type="stmt"/>
        <line num="67" count="624" type="stmt"/>
        <line num="68" count="624" type="stmt"/>
        <line num="69" count="624" type="stmt"/>
        <line num="70" count="624" type="stmt"/>
        <line num="72" count="624" type="stmt"/>
        <line num="76" count="624" type="stmt"/>
        <line num="77" count="0" type="stmt"/>
        <line num="78" count="0" type="stmt"/>
        <line num="79" count="0" type="stmt"/>
        <line num="80" count="0" type="stmt"/>
        <line num="83" count="624" type="stmt"/>
        <line num="84" count="0" type="stmt"/>
        <line num="85" count="0" type="stmt"/>
        <line num="86" count="0" type="stmt"/>
        <line num="88" count="0" type="stmt"/>
        <line num="92" count="624" type="stmt"/>
        <line num="118" count="0" type="stmt"/>
        <line num="218" count="0" type="stmt"/>
      </file>
      <file name="search.tsx" path="D:\Nam_4_2025_2026\Mobile\BTL\programming_mobile_e_learning_N23\e-learning-frontend\app\(tabs)\search.tsx">
        <metrics statements="61" coveredstatements="46" conditionals="26" coveredconditionals="19" methods="24" coveredmethods="16"/>
        <line num="36" count="1" type="stmt"/>
        <line num="47" count="1" type="stmt"/>
        <line num="56" count="1" type="stmt"/>
        <line num="57" count="18" type="stmt"/>
        <line num="59" count="18" type="stmt"/>
        <line num="60" count="18" type="stmt"/>
        <line num="61" count="18" type="stmt"/>
        <line num="62" count="18" type="stmt"/>
        <line num="63" count="18" type="stmt"/>
        <line num="64" count="18" type="stmt"/>
        <line num="66" count="18" type="stmt"/>
        <line num="68" count="18" type="stmt"/>
        <line num="69" count="18" type="stmt"/>
        <line num="73" count="18" type="stmt"/>
        <line num="74" count="7" type="stmt"/>
        <line num="75" count="7" type="stmt"/>
        <line num="79" count="7" type="stmt"/>
        <line num="82" count="7" type="stmt"/>
        <line num="88" count="0" type="stmt"/>
        <line num="93" count="18" type="stmt"/>
        <line num="94" count="7" type="stmt"/>
        <line num="95" count="7" type="stmt"/>
        <line num="96" count="7" type="stmt"/>
        <line num="98" count="7" type="stmt"/>
        <line num="99" count="6" type="stmt"/>
        <line num="103" count="18" type="stmt"/>
        <line num="105" count="18" type="stmt"/>
        <line num="106" count="1" type="stmt"/>
        <line num="107" count="1" type="stmt"/>
        <line num="108" count="1" type="stmt"/>
        <line num="111" count="1" type="cond" truecount="1" falsecount="1"/>
        <line num="113" count="0" type="stmt"/>
        <line num="115" count="1" type="stmt"/>
        <line num="120" count="18" type="stmt"/>
        <line num="121" count="11" type="stmt"/>
        <line num="122" count="1" type="cond" truecount="1" falsecount="1"/>
        <line num="123" count="0" type="stmt"/>
        <line num="125" count="11" type="stmt"/>
        <line num="129" count="18" type="stmt"/>
        <line num="130" count="0" type="stmt"/>
        <line num="131" count="0" type="stmt"/>
        <line num="132" count="0" type="cond" truecount="0" falsecount="2"/>
        <line num="133" count="0" type="stmt"/>
        <line num="135" count="0" type="stmt"/>
        <line num="138" count="0" type="stmt"/>
        <line num="143" count="18" type="stmt"/>
        <line num="145" count="2" type="stmt"/>
        <line num="151" count="0" type="stmt"/>
        <line num="162" count="18" type="stmt"/>
        <line num="164" count="1" type="stmt"/>
        <line num="180" count="18" type="stmt"/>
        <line num="182" count="18" type="stmt"/>
        <line num="185" count="3" type="stmt"/>
        <line num="203" count="108" type="stmt"/>
        <line num="206" count="0" type="stmt"/>
        <line num="219" count="0" type="stmt"/>
        <line num="235" count="0" type="stmt"/>
        <line num="249" count="0" type="stmt"/>
        <line num="251" count="0" type="stmt"/>
        <line num="283" count="18" type="stmt"/>
        <line num="322" count="1" type="stmt"/>
      </file>
    </package>
    <package name="app.course">
      <metrics statements="65" coveredstatements="47" conditionals="54" coveredconditionals="24" methods="17" coveredmethods="9"/>
      <file name="index.tsx" path="D:\Nam_4_2025_2026\Mobile\BTL\programming_mobile_e_learning_N23\e-learning-frontend\app\course\index.tsx">
        <metrics statements="65" coveredstatements="47" conditionals="54" coveredconditionals="24" methods="17" coveredmethods="9"/>
        <line num="41" count="40" type="cond" truecount="1" falsecount="1"/>
        <line num="44" count="1" type="stmt"/>
        <line num="52" count="4" type="stmt"/>
        <line num="58" count="0" type="cond" truecount="0" falsecount="2"/>
        <line num="65" count="0" type="stmt"/>
        <line num="120" count="1" type="stmt"/>
        <line num="121" count="8" type="stmt"/>
        <line num="122" count="8" type="stmt"/>
        <line num="125" count="8" type="cond" truecount="2" falsecount="0"/>
        <line num="128" count="8" type="stmt"/>
        <line num="129" count="8" type="stmt"/>
        <line num="133" count="8" type="stmt"/>
        <line num="134" count="8" type="stmt"/>
        <line num="135" count="8" type="stmt"/>
        <line num="137" count="8" type="stmt"/>
        <line num="138" count="8" type="stmt"/>
        <line num="139" count="8" type="stmt"/>
        <line num="140" count="8" type="stmt"/>
        <line num="141" count="8" type="stmt"/>
        <line num="143" count="8" type="stmt"/>
        <line num="145" count="8" type="stmt"/>
        <line num="146" count="8" type="stmt"/>
        <line num="151" count="8" type="stmt"/>
        <line num="152" count="4" type="cond" truecount="1" falsecount="1"/>
        <line num="153" count="4" type="cond" truecount="1" falsecount="1"/>
        <line num="154" count="4" type="cond" truecount="2" falsecount="3"/>
        <line num="156" count="0" type="stmt"/>
        <line num="158" count="0" type="stmt"/>
        <line num="160" count="0" type="stmt"/>
        <line num="163" count="4" type="stmt"/>
        <line num="168" count="8" type="stmt"/>
        <line num="170" count="4" type="stmt"/>
        <line num="171" count="4" type="stmt"/>
        <line num="182" count="4" type="cond" truecount="1" falsecount="1"/>
        <line num="188" count="4" type="cond" truecount="1" falsecount="1"/>
        <line num="189" count="0" type="stmt"/>
        <line num="191" count="4" type="stmt"/>
        <line num="193" count="0" type="stmt"/>
        <line num="195" count="4" type="stmt"/>
        <line num="196" count="4" type="stmt"/>
        <line num="202" count="8" type="stmt"/>
        <line num="205" count="4" type="stmt"/>
        <line num="206" count="4" type="stmt"/>
        <line num="209" count="8" type="stmt"/>
        <line num="210" count="0" type="stmt"/>
        <line num="211" count="0" type="stmt"/>
        <line num="212" count="0" type="stmt"/>
        <line num="215" count="8" type="stmt"/>
        <line num="216" count="0" type="cond" truecount="0" falsecount="4"/>
        <line num="217" count="0" type="stmt"/>
        <line num="218" count="0" type="stmt"/>
        <line num="219" count="0" type="stmt"/>
        <line num="223" count="8" type="stmt"/>
        <line num="224" count="0" type="stmt"/>
        <line num="225" count="0" type="stmt"/>
        <line num="229" count="8" type="stmt"/>
        <line num="231" count="0" type="stmt"/>
        <line num="234" count="8" type="stmt"/>
        <line num="235" count="0" type="stmt"/>
        <line num="238" count="8" type="stmt"/>
        <line num="240" count="3" type="stmt"/>
        <line num="255" count="8" type="cond" truecount="4" falsecount="0"/>
        <line num="256" count="4" type="stmt"/>
        <line num="265" count="4" type="stmt"/>
        <line num="284" count="6" type="stmt"/>
      </file>
    </package>
    <package name="assets.images">
      <metrics statements="1" coveredstatements="1" conditionals="0" coveredconditionals="0" methods="0" coveredmethods="0"/>
      <file name="teacher.png" path="D:\Nam_4_2025_2026\Mobile\BTL\programming_mobile_e_learning_N23\e-learning-frontend\assets\images\teacher.png">
        <metrics statements="1" coveredstatements="1" conditionals="0" coveredconditionals="0" methods="0" coveredmethods="0"/>
        <line num="1" count="1" type="stmt"/>
      </file>
    </package>
    <package name="components">
      <metrics statements="45" coveredstatements="37" conditionals="23" coveredconditionals="16" methods="21" coveredmethods="13"/>
      <file name="CategoryCard.tsx" path="D:\Nam_4_2025_2026\Mobile\BTL\programming_mobile_e_learning_N23\e-learning-frontend\components\CategoryCard.tsx">
        <metrics statements="2" coveredstatements="2" conditionals="0" coveredconditionals="0" methods="1" coveredmethods="1"/>
        <line num="12" count="2" type="stmt"/>
        <line num="13" count="5" type="stmt"/>
      </file>
      <file name="CategoryListItem.tsx" path="D:\Nam_4_2025_2026\Mobile\BTL\programming_mobile_e_learning_N23\e-learning-frontend\components\CategoryListItem.tsx">
        <metrics statements="5" coveredstatements="5" conditionals="0" coveredconditionals="0" methods="2" coveredmethods="2"/>
        <line num="12" count="2" type="stmt"/>
        <line num="14" count="4" type="stmt"/>
        <line num="15" count="1" type="stmt"/>
        <line num="18" count="4" type="stmt"/>
        <line num="52" count="2" type="stmt"/>
      </file>
      <file name="CourseProgressCard.tsx" path="D:\Nam_4_2025_2026\Mobile\BTL\programming_mobile_e_learning_N23\e-learning-frontend\components\CourseProgressCard.tsx">
        <metrics statements="5" coveredstatements="5" conditionals="1" coveredconditionals="0" methods="2" coveredmethods="2"/>
        <line num="14" count="1" type="stmt"/>
        <line num="16" count="1" type="stmt"/>
        <line num="23" count="3" type="stmt"/>
        <line num="25" count="3" type="stmt"/>
        <line num="28" count="1" type="stmt"/>
      </file>
      <file name="CustomToast.tsx" path="D:\Nam_4_2025_2026\Mobile\BTL\programming_mobile_e_learning_N23\e-learning-frontend\components\CustomToast.tsx">
        <metrics statements="10" coveredstatements="6" conditionals="12" coveredconditionals="8" methods="6" coveredmethods="2"/>
        <line num="6" count="1" type="stmt"/>
        <line num="7" count="1" type="stmt"/>
        <line num="27" count="1" type="stmt"/>
        <line num="28" count="1" type="stmt"/>
        <line num="41" count="1" type="stmt"/>
        <line num="42" count="0" type="stmt"/>
        <line num="55" count="1" type="stmt"/>
        <line num="60" count="0" type="stmt"/>
        <line num="65" count="0" type="stmt"/>
        <line num="67" count="0" type="stmt"/>
      </file>
      <file name="EmptyState.tsx" path="D:\Nam_4_2025_2026\Mobile\BTL\programming_mobile_e_learning_N23\e-learning-frontend\components\EmptyState.tsx">
        <metrics statements="2" coveredstatements="2" conditionals="0" coveredconditionals="0" methods="1" coveredmethods="1"/>
        <line num="10" count="4" type="stmt"/>
        <line num="11" count="6" type="stmt"/>
      </file>
      <file name="Header.tsx" path="D:\Nam_4_2025_2026\Mobile\BTL\programming_mobile_e_learning_N23\e-learning-frontend\components\Header.tsx">
        <metrics statements="5" coveredstatements="3" conditionals="3" coveredconditionals="3" methods="3" coveredmethods="1"/>
        <line num="11" count="2" type="cond" truecount="1" falsecount="0"/>
        <line num="12" count="6" type="stmt"/>
        <line num="14" count="6" type="stmt"/>
        <line num="18" count="0" type="stmt"/>
        <line num="31" count="0" type="stmt"/>
      </file>
      <file name="SavedCourseCard.tsx" path="D:\Nam_4_2025_2026\Mobile\BTL\programming_mobile_e_learning_N23\e-learning-frontend\components\SavedCourseCard.tsx">
        <metrics statements="10" coveredstatements="8" conditionals="7" coveredconditionals="5" methods="3" coveredmethods="1"/>
        <line num="18" count="2" type="stmt"/>
        <line num="20" count="2" type="stmt"/>
        <line num="31" count="3" type="stmt"/>
        <line num="32" count="3" type="stmt"/>
        <line num="33" count="3" type="stmt"/>
        <line num="36" count="3" type="stmt"/>
        <line num="37" count="0" type="stmt"/>
        <line num="41" count="3" type="stmt"/>
        <line num="81" count="0" type="stmt"/>
        <line num="101" count="2" type="stmt"/>
      </file>
      <file name="SkeletonLoader.tsx" path="D:\Nam_4_2025_2026\Mobile\BTL\programming_mobile_e_learning_N23\e-learning-frontend\components\SkeletonLoader.tsx">
        <metrics statements="2" coveredstatements="2" conditionals="0" coveredconditionals="0" methods="1" coveredmethods="1"/>
        <line num="4" count="2" type="stmt"/>
        <line num="13" count="1" type="stmt"/>
      </file>
      <file name="TeacherCard.tsx" path="D:\Nam_4_2025_2026\Mobile\BTL\programming_mobile_e_learning_N23\e-learning-frontend\components\TeacherCard.tsx">
        <metrics statements="4" coveredstatements="4" conditionals="0" coveredconditionals="0" methods="2" coveredmethods="2"/>
        <line num="14" count="2" type="stmt"/>
        <line num="15" count="3" type="stmt"/>
        <line num="17" count="3" type="stmt"/>
        <line num="21" count="1" type="stmt"/>
      </file>
    </package>
    <package name="components.learning">
      <metrics statements="53" coveredstatements="38" conditionals="26" coveredconditionals="19" methods="15" coveredmethods="10"/>
      <file name="LessonsTab.tsx" path="D:\Nam_4_2025_2026\Mobile\BTL\programming_mobile_e_learning_N23\e-learning-frontend\components\learning\LessonsTab.tsx">
        <metrics statements="5" coveredstatements="4" conditionals="10" coveredconditionals="10" methods="3" coveredmethods="2"/>
        <line num="11" count="1" type="stmt"/>
        <line num="15" count="3" type="stmt"/>
        <line num="18" count="9" type="stmt"/>
        <line num="19" count="9" type="stmt"/>
        <line num="22" count="0" type="stmt"/>
      </file>
      <file name="ProjectsTab.tsx" path="D:\Nam_4_2025_2026\Mobile\BTL\programming_mobile_e_learning_N23\e-learning-frontend\components\learning\ProjectsTab.tsx">
        <metrics statements="18" coveredstatements="16" conditionals="4" coveredconditionals="4" methods="6" coveredmethods="5"/>
        <line num="21" count="1" type="stmt"/>
        <line num="22" count="6" type="stmt"/>
        <line num="23" count="6" type="stmt"/>
        <line num="25" count="6" type="stmt"/>
        <line num="26" count="3" type="stmt"/>
        <line num="27" count="3" type="stmt"/>
        <line num="28" count="3" type="stmt"/>
        <line num="29" count="3" type="stmt"/>
        <line num="31" count="0" type="stmt"/>
        <line num="33" count="3" type="stmt"/>
        <line num="36" count="3" type="stmt"/>
        <line num="39" count="6" type="stmt"/>
        <line num="41" count="0" type="stmt"/>
        <line num="48" count="6" type="cond" truecount="2" falsecount="0"/>
        <line num="49" count="3" type="stmt"/>
        <line num="52" count="3" type="stmt"/>
        <line num="56" count="6" type="stmt"/>
        <line num="58" count="4" type="stmt"/>
      </file>
      <file name="QandATab.tsx" path="D:\Nam_4_2025_2026\Mobile\BTL\programming_mobile_e_learning_N23\e-learning-frontend\components\learning\QandATab.tsx">
        <metrics statements="30" coveredstatements="18" conditionals="12" coveredconditionals="5" methods="6" coveredmethods="3"/>
        <line num="25" count="1" type="stmt"/>
        <line num="26" count="6" type="stmt"/>
        <line num="27" count="6" type="stmt"/>
        <line num="28" count="6" type="stmt"/>
        <line num="29" count="6" type="stmt"/>
        <line num="30" count="6" type="stmt"/>
        <line num="32" count="6" type="stmt"/>
        <line num="33" count="3" type="stmt"/>
        <line num="34" count="3" type="stmt"/>
        <line num="35" count="3" type="stmt"/>
        <line num="36" count="3" type="stmt"/>
        <line num="38" count="0" type="stmt"/>
        <line num="40" count="3" type="stmt"/>
        <line num="43" count="3" type="stmt"/>
        <line num="46" count="6" type="stmt"/>
        <line num="47" count="0" type="cond" truecount="0" falsecount="2"/>
        <line num="48" count="0" type="stmt"/>
        <line num="49" count="0" type="stmt"/>
        <line num="50" count="0" type="stmt"/>
        <line num="54" count="0" type="stmt"/>
        <line num="55" count="0" type="stmt"/>
        <line num="56" count="0" type="stmt"/>
        <line num="58" count="0" type="stmt"/>
        <line num="60" count="0" type="stmt"/>
        <line num="64" count="6" type="cond" truecount="2" falsecount="0"/>
        <line num="65" count="3" type="stmt"/>
        <line num="68" count="3" type="stmt"/>
        <line num="77" count="0" type="stmt"/>
        <line num="79" count="0" type="stmt"/>
        <line num="135" count="1" type="stmt"/>
      </file>
    </package>
    <package name="context">
      <metrics statements="107" coveredstatements="72" conditionals="16" coveredconditionals="5" methods="16" coveredmethods="11"/>
      <file name="AuthContext.tsx" path="D:\Nam_4_2025_2026\Mobile\BTL\programming_mobile_e_learning_N23\e-learning-frontend\context\AuthContext.tsx">
        <metrics statements="107" coveredstatements="72" conditionals="16" coveredconditionals="5" methods="16" coveredmethods="11"/>
        <line num="54" count="6" type="stmt"/>
        <line num="58" count="6" type="stmt"/>
        <line num="59" count="24" type="stmt"/>
        <line num="60" count="24" type="stmt"/>
        <line num="61" count="24" type="stmt"/>
        <line num="62" count="24" type="stmt"/>
        <line num="63" count="24" type="stmt"/>
        <line num="64" count="24" type="stmt"/>
        <line num="66" count="24" type="stmt"/>
        <line num="67" count="6" type="stmt"/>
        <line num="68" count="6" type="stmt"/>
        <line num="69" count="4" type="stmt"/>
        <line num="71" count="4" type="stmt"/>
        <line num="72" count="4" type="stmt"/>
        <line num="73" count="4" type="stmt"/>
        <line num="74" count="4" type="stmt"/>
        <line num="75" count="4" type="stmt"/>
        <line num="77" count="4" type="stmt"/>
        <line num="79" count="2" type="stmt"/>
        <line num="80" count="2" type="stmt"/>
        <line num="84" count="24" type="stmt"/>
        <line num="85" count="1" type="stmt"/>
        <line num="86" count="1" type="stmt"/>
        <line num="91" count="1" type="stmt"/>
        <line num="93" count="1" type="stmt"/>
        <line num="94" count="1" type="stmt"/>
        <line num="95" count="1" type="stmt"/>
        <line num="96" count="1" type="stmt"/>
        <line num="97" count="1" type="stmt"/>
        <line num="100" count="0" type="cond" truecount="0" falsecount="2"/>
        <line num="101" count="0" type="stmt"/>
        <line num="102" count="0" type="stmt"/>
        <line num="106" count="24" type="stmt"/>
        <line num="107" count="2" type="stmt"/>
        <line num="108" count="2" type="stmt"/>
        <line num="109" count="2" type="stmt"/>
        <line num="110" count="2" type="stmt"/>
        <line num="111" count="2" type="stmt"/>
        <line num="112" count="2" type="stmt"/>
        <line num="113" count="2" type="stmt"/>
        <line num="114" count="2" type="stmt"/>
        <line num="117" count="24" type="stmt"/>
        <line num="118" count="9" type="stmt"/>
        <line num="119" count="9" type="stmt"/>
        <line num="120" count="9" type="stmt"/>
        <line num="122" count="9" type="cond" truecount="2" falsecount="2"/>
        <line num="123" count="0" type="stmt"/>
        <line num="124" count="0" type="stmt"/>
        <line num="125" count="0" type="stmt"/>
        <line num="127" count="0" type="stmt"/>
        <line num="130" count="0" type="stmt"/>
        <line num="132" count="9" type="stmt"/>
        <line num="136" count="24" type="stmt"/>
        <line num="137" count="4" type="stmt"/>
        <line num="138" count="4" type="stmt"/>
        <line num="139" count="4" type="stmt"/>
        <line num="141" count="0" type="stmt"/>
        <line num="145" count="24" type="stmt"/>
        <line num="146" count="0" type="stmt"/>
        <line num="147" count="0" type="stmt"/>
        <line num="150" count="24" type="stmt"/>
        <line num="151" count="4" type="stmt"/>
        <line num="152" count="4" type="stmt"/>
        <line num="153" count="4" type="stmt"/>
        <line num="154" count="4" type="cond" truecount="2" falsecount="0"/>
        <line num="155" count="4" type="stmt"/>
        <line num="157" count="0" type="stmt"/>
        <line num="161" count="24" type="stmt"/>
        <line num="162" count="0" type="stmt"/>
        <line num="163" count="0" type="stmt"/>
        <line num="164" count="0" type="stmt"/>
        <line num="166" count="0" type="stmt"/>
        <line num="171" count="0" type="stmt"/>
        <line num="178" count="24" type="stmt"/>
        <line num="179" count="4" type="stmt"/>
        <line num="180" count="4" type="stmt"/>
        <line num="181" count="4" type="stmt"/>
        <line num="183" count="0" type="stmt"/>
        <line num="184" count="0" type="stmt"/>
        <line num="188" count="24" type="stmt"/>
        <line num="189" count="0" type="stmt"/>
        <line num="190" count="0" type="stmt"/>
        <line num="191" count="0" type="stmt"/>
        <line num="192" count="0" type="stmt"/>
        <line num="197" count="0" type="stmt"/>
        <line num="198" count="0" type="stmt"/>
        <line num="202" count="0" type="stmt"/>
        <line num="206" count="24" type="stmt"/>
        <line num="207" count="0" type="stmt"/>
        <line num="208" count="0" type="stmt"/>
        <line num="209" count="0" type="stmt"/>
        <line num="210" count="0" type="stmt"/>
        <line num="215" count="0" type="stmt"/>
        <line num="216" count="0" type="stmt"/>
        <line num="220" count="0" type="stmt"/>
        <line num="224" count="24" type="stmt"/>
        <line num="225" count="0" type="stmt"/>
        <line num="228" count="24" type="stmt"/>
        <line num="229" count="9" type="stmt"/>
        <line num="232" count="24" type="stmt"/>
        <line num="233" count="24" type="stmt"/>
        <line num="255" count="24" type="stmt"/>
        <line num="261" count="6" type="stmt"/>
        <line num="262" count="13" type="stmt"/>
        <line num="263" count="13" type="cond" truecount="1" falsecount="1"/>
        <line num="264" count="0" type="stmt"/>
        <line num="266" count="13" type="stmt"/>
      </file>
    </package>
    <package name="hooks">
      <metrics statements="23" coveredstatements="23" conditionals="2" coveredconditionals="1" methods="7" coveredmethods="7"/>
      <file name="useFetchData.ts" path="D:\Nam_4_2025_2026\Mobile\BTL\programming_mobile_e_learning_N23\e-learning-frontend\hooks\useFetchData.ts">
        <metrics statements="23" coveredstatements="23" conditionals="2" coveredconditionals="1" methods="7" coveredmethods="7"/>
        <line num="5" count="2" type="stmt"/>
        <line num="6" count="22" type="stmt"/>
        <line num="7" count="22" type="stmt"/>
        <line num="8" count="22" type="stmt"/>
        <line num="11" count="22" type="stmt"/>
        <line num="13" count="22" type="stmt"/>
        <line num="14" count="11" type="stmt"/>
        <line num="15" count="11" type="stmt"/>
        <line num="16" count="11" type="stmt"/>
        <line num="17" count="32" type="stmt"/>
        <line num="19" count="31" type="stmt"/>
        <line num="20" count="10" type="stmt"/>
        <line num="22" count="1" type="stmt"/>
        <line num="27" count="1" type="cond" truecount="1" falsecount="1"/>
        <line num="28" count="1" type="stmt"/>
        <line num="31" count="11" type="stmt"/>
        <line num="32" count="11" type="stmt"/>
        <line num="36" count="22" type="stmt"/>
        <line num="37" count="10" type="stmt"/>
        <line num="40" count="22" type="stmt"/>
        <line num="41" count="1" type="stmt"/>
        <line num="42" count="1" type="stmt"/>
        <line num="45" count="22" type="stmt"/>
      </file>
    </package>
    <package name="utils">
      <metrics statements="11" coveredstatements="11" conditionals="6" coveredconditionals="6" methods="1" coveredmethods="1"/>
      <file name="formatDuration.ts" path="D:\Nam_4_2025_2026\Mobile\BTL\programming_mobile_e_learning_N23\e-learning-frontend\utils\formatDuration.ts">
        <metrics statements="11" coveredstatements="11" conditionals="6" coveredconditionals="6" methods="1" coveredmethods="1"/>
        <line num="1" count="2" type="stmt"/>
        <line num="2" count="9" type="cond" truecount="2" falsecount="0"/>
        <line num="3" count="2" type="stmt"/>
        <line num="5" count="7" type="stmt"/>
        <line num="6" count="7" type="stmt"/>
        <line num="8" count="7" type="stmt"/>
        <line num="9" count="7" type="cond" truecount="2" falsecount="0"/>
        <line num="10" count="6" type="stmt"/>
        <line num="12" count="7" type="cond" truecount="2" falsecount="0"/>
        <line num="13" count="3" type="stmt"/>
        <line num="15" count="7" type="stmt"/>
      </file>
    </package>
  </project>
</coverage>
