{"D:\\Nam_4_2025_2026\\Mobile\\BTL\\programming_mobile_e_learning_N23\\e-learning-frontend\\api\\api.ts": {"path":"D:\\Nam_4_2025_2026\\Mobile\\BTL\\programming_mobile_e_learning_N23\\e-learning-frontend\\api\\api.ts","statementMap":{"0":{"start":{"line":4,"column":17},"end":{"line":4,"column":48}},"1":{"start":{"line":6,"column":12},"end":{"line":8,"column":2}},"2":{"start":{"line":11,"column":0},"end":{"line":17,"column":3}},"3":{"start":{"line":12,"column":16},"end":{"line":12,"column":59}},"4":{"start":{"line":13,"column":2},"end":{"line":15,"column":3}},"5":{"start":{"line":14,"column":4},"end":{"line":14,"column":53}},"6":{"start":{"line":16,"column":2},"end":{"line":16,"column":16}},"7":{"start":{"line":19,"column":0},"end":{"line":38,"column":2}},"8":{"start":{"line":22,"column":4},"end":{"line":22,"column":20}},"9":{"start":{"line":26,"column":4},"end":{"line":33,"column":5}},"10":{"start":{"line":28,"column":6},"end":{"line":28,"column":62}},"11":{"start":{"line":31,"column":6},"end":{"line":31,"column":53}},"12":{"start":{"line":32,"column":6},"end":{"line":32,"column":52}},"13":{"start":{"line":36,"column":4},"end":{"line":36,"column":33}}},"fnMap":{"0":{"name":"(anonymous_0)","decl":{"start":{"line":11,"column":29},"end":{"line":11,"column":30}},"loc":{"start":{"line":11,"column":47},"end":{"line":17,"column":1}},"line":11},"1":{"name":"(anonymous_1)","decl":{"start":{"line":20,"column":2},"end":{"line":20,"column":3}},"loc":{"start":{"line":20,"column":16},"end":{"line":23,"column":3}},"line":20},"2":{"name":"(anonymous_2)","decl":{"start":{"line":24,"column":2},"end":{"line":24,"column":3}},"loc":{"start":{"line":24,"column":19},"end":{"line":37,"column":3}},"line":24}},"branchMap":{"0":{"loc":{"start":{"line":13,"column":2},"end":{"line":15,"column":3}},"type":"if","locations":[{"start":{"line":13,"column":2},"end":{"line":15,"column":3}},{"start":{},"end":{}}],"line":13},"1":{"loc":{"start":{"line":26,"column":4},"end":{"line":33,"column":5}},"type":"if","locations":[{"start":{"line":26,"column":4},"end":{"line":33,"column":5}},{"start":{},"end":{}}],"line":26},"2":{"loc":{"start":{"line":26,"column":8},"end":{"line":26,"column":55}},"type":"binary-expr","locations":[{"start":{"line":26,"column":8},"end":{"line":26,"column":22}},{"start":{"line":26,"column":26},"end":{"line":26,"column":55}}],"line":26}},"s":{"0":11,"1":11,"2":11,"3":0,"4":0,"5":0,"6":0,"7":11,"8":0,"9":0,"10":0,"11":0,"12":0,"13":0},"f":{"0":0,"1":0,"2":0},"b":{"0":[0,0],"1":[0,0],"2":[0,0]},"_coverageSchema":"1a1c01bbd47fc00a2c39e90264f33305004495a9","hash":"7b038c16bd0d40cc1959f4d118a5bba042c831c8"}
,"D:\\Nam_4_2025_2026\\Mobile\\BTL\\programming_mobile_e_learning_N23\\e-learning-frontend\\app\\(tabs)\\home.tsx": {"path":"D:\\Nam_4_2025_2026\\Mobile\\BTL\\programming_mobile_e_learning_N23\\e-learning-frontend\\app\\(tabs)\\home.tsx","statementMap":{"0":{"start":{"line":43,"column":19},"end":{"line":359,"column":1}},"1":{"start":{"line":45,"column":4},"end":{"line":45,"column":27}},"2":{"start":{"line":46,"column":17},"end":{"line":46,"column":28}},"3":{"start":{"line":47,"column":55},"end":{"line":53,"column":4}},"4":{"start":{"line":55,"column":4},"end":{"line":55,"column":8}},"5":{"start":{"line":57,"column":21},"end":{"line":57,"column":63}},"6":{"start":{"line":58,"column":25},"end":{"line":58,"column":61}},"7":{"start":{"line":59,"column":29},"end":{"line":59,"column":73}},"8":{"start":{"line":60,"column":26},"end":{"line":60,"column":64}},"9":{"start":{"line":61,"column":19},"end":{"line":61,"column":57}},"10":{"start":{"line":63,"column":2},"end":{"line":71,"column":4}},"11":{"start":{"line":65,"column":6},"end":{"line":65,"column":46}},"12":{"start":{"line":66,"column":6},"end":{"line":66,"column":45}},"13":{"start":{"line":67,"column":6},"end":{"line":67,"column":18}},"14":{"start":{"line":68,"column":6},"end":{"line":68,"column":25}},"15":{"start":{"line":69,"column":6},"end":{"line":69,"column":22}},"16":{"start":{"line":73,"column":24},"end":{"line":73,"column":41}},"17":{"start":{"line":75,"column":2},"end":{"line":81,"column":3}},"18":{"start":{"line":76,"column":4},"end":{"line":80,"column":6}},"19":{"start":{"line":85,"column":6},"end":{"line":92,"column":3}},"20":{"start":{"line":94,"column":2},"end":{"line":94,"column":24}},"21":{"start":{"line":96,"column":25},"end":{"line":123,"column":3}},"22":{"start":{"line":99,"column":4},"end":{"line":122,"column":5}},"23":{"start":{"line":101,"column":8},"end":{"line":101,"column":35}},"24":{"start":{"line":102,"column":8},"end":{"line":102,"column":14}},"25":{"start":{"line":105,"column":8},"end":{"line":105,"column":74}},"26":{"start":{"line":106,"column":8},"end":{"line":106,"column":14}},"27":{"start":{"line":109,"column":8},"end":{"line":112,"column":11}},"28":{"start":{"line":113,"column":8},"end":{"line":113,"column":14}},"29":{"start":{"line":116,"column":8},"end":{"line":116,"column":72}},"30":{"start":{"line":117,"column":8},"end":{"line":117,"column":14}},"31":{"start":{"line":120,"column":8},"end":{"line":120,"column":32}},"32":{"start":{"line":121,"column":8},"end":{"line":121,"column":14}},"33":{"start":{"line":125,"column":2},"end":{"line":358,"column":4}},"34":{"start":{"line":150,"column":27},"end":{"line":150,"column":47}},"35":{"start":{"line":163,"column":43},"end":{"line":163,"column":71}},"36":{"start":{"line":200,"column":47},"end":{"line":200,"column":75}},"37":{"start":{"line":208,"column":48},"end":{"line":208,"column":56}},"38":{"start":{"line":211,"column":16},"end":{"line":223,"column":18}},"39":{"start":{"line":218,"column":20},"end":{"line":221,"column":22}},"40":{"start":{"line":232,"column":47},"end":{"line":232,"column":72}},"41":{"start":{"line":240,"column":46},"end":{"line":240,"column":54}},"42":{"start":{"line":242,"column":41},"end":{"line":242,"column":60}},"43":{"start":{"line":243,"column":16},"end":{"line":255,"column":18}},"44":{"start":{"line":264,"column":47},"end":{"line":264,"column":76}},"45":{"start":{"line":272,"column":46},"end":{"line":272,"column":54}},"46":{"start":{"line":274,"column":16},"end":{"line":283,"column":18}},"47":{"start":{"line":292,"column":47},"end":{"line":292,"column":73}},"48":{"start":{"line":316,"column":16},"end":{"line":326,"column":18}},"49":{"start":{"line":335,"column":47},"end":{"line":335,"column":73}},"50":{"start":{"line":343,"column":43},"end":{"line":343,"column":51}},"51":{"start":{"line":345,"column":16},"end":{"line":351,"column":18}}},"fnMap":{"0":{"name":"(anonymous_0)","decl":{"start":{"line":43,"column":19},"end":{"line":43,"column":20}},"loc":{"start":{"line":43,"column":25},"end":{"line":359,"column":1}},"line":43},"1":{"name":"(anonymous_1)","decl":{"start":{"line":64,"column":16},"end":{"line":64,"column":17}},"loc":{"start":{"line":64,"column":22},"end":{"line":70,"column":5}},"line":64},"2":{"name":"(anonymous_2)","decl":{"start":{"line":96,"column":25},"end":{"line":96,"column":26}},"loc":{"start":{"line":98,"column":7},"end":{"line":123,"column":3}},"line":98},"3":{"name":"(anonymous_3)","decl":{"start":{"line":150,"column":21},"end":{"line":150,"column":22}},"loc":{"start":{"line":150,"column":27},"end":{"line":150,"column":47}},"line":150},"4":{"name":"(anonymous_4)","decl":{"start":{"line":163,"column":37},"end":{"line":163,"column":38}},"loc":{"start":{"line":163,"column":43},"end":{"line":163,"column":71}},"line":163},"5":{"name":"(anonymous_5)","decl":{"start":{"line":200,"column":41},"end":{"line":200,"column":42}},"loc":{"start":{"line":200,"column":47},"end":{"line":200,"column":75}},"line":200},"6":{"name":"(anonymous_6)","decl":{"start":{"line":208,"column":28},"end":{"line":208,"column":29}},"loc":{"start":{"line":208,"column":48},"end":{"line":208,"column":56}},"line":208},"7":{"name":"(anonymous_7)","decl":{"start":{"line":210,"column":26},"end":{"line":210,"column":27}},"loc":{"start":{"line":211,"column":16},"end":{"line":223,"column":18}},"line":211},"8":{"name":"(anonymous_8)","decl":{"start":{"line":217,"column":27},"end":{"line":217,"column":28}},"loc":{"start":{"line":218,"column":20},"end":{"line":221,"column":22}},"line":218},"9":{"name":"(anonymous_9)","decl":{"start":{"line":232,"column":41},"end":{"line":232,"column":42}},"loc":{"start":{"line":232,"column":47},"end":{"line":232,"column":72}},"line":232},"10":{"name":"(anonymous_10)","decl":{"start":{"line":240,"column":28},"end":{"line":240,"column":29}},"loc":{"start":{"line":240,"column":46},"end":{"line":240,"column":54}},"line":240},"11":{"name":"(anonymous_11)","decl":{"start":{"line":241,"column":26},"end":{"line":241,"column":27}},"loc":{"start":{"line":241,"column":58},"end":{"line":256,"column":15}},"line":241},"12":{"name":"(anonymous_12)","decl":{"start":{"line":264,"column":41},"end":{"line":264,"column":42}},"loc":{"start":{"line":264,"column":47},"end":{"line":264,"column":76}},"line":264},"13":{"name":"(anonymous_13)","decl":{"start":{"line":272,"column":28},"end":{"line":272,"column":29}},"loc":{"start":{"line":272,"column":46},"end":{"line":272,"column":54}},"line":272},"14":{"name":"(anonymous_14)","decl":{"start":{"line":273,"column":26},"end":{"line":273,"column":27}},"loc":{"start":{"line":274,"column":16},"end":{"line":283,"column":18}},"line":274},"15":{"name":"(anonymous_15)","decl":{"start":{"line":292,"column":41},"end":{"line":292,"column":42}},"loc":{"start":{"line":292,"column":47},"end":{"line":292,"column":73}},"line":292},"16":{"name":"(anonymous_16)","decl":{"start":{"line":315,"column":36},"end":{"line":315,"column":37}},"loc":{"start":{"line":316,"column":16},"end":{"line":326,"column":18}},"line":316},"17":{"name":"(anonymous_17)","decl":{"start":{"line":335,"column":41},"end":{"line":335,"column":42}},"loc":{"start":{"line":335,"column":47},"end":{"line":335,"column":73}},"line":335},"18":{"name":"(anonymous_18)","decl":{"start":{"line":343,"column":28},"end":{"line":343,"column":29}},"loc":{"start":{"line":343,"column":43},"end":{"line":343,"column":51}},"line":343},"19":{"name":"(anonymous_19)","decl":{"start":{"line":344,"column":26},"end":{"line":344,"column":27}},"loc":{"start":{"line":345,"column":16},"end":{"line":351,"column":18}},"line":345}},"branchMap":{"0":{"loc":{"start":{"line":57,"column":21},"end":{"line":57,"column":63}},"type":"binary-expr","locations":[{"start":{"line":57,"column":21},"end":{"line":57,"column":40}},{"start":{"line":57,"column":44},"end":{"line":57,"column":57}},{"start":{"line":57,"column":61},"end":{"line":57,"column":63}}],"line":57},"1":{"loc":{"start":{"line":58,"column":25},"end":{"line":58,"column":61}},"type":"binary-expr","locations":[{"start":{"line":58,"column":25},"end":{"line":58,"column":41}},{"start":{"line":58,"column":45},"end":{"line":58,"column":55}},{"start":{"line":58,"column":59},"end":{"line":58,"column":61}}],"line":58},"2":{"loc":{"start":{"line":59,"column":29},"end":{"line":59,"column":73}},"type":"binary-expr","locations":[{"start":{"line":59,"column":29},"end":{"line":59,"column":49}},{"start":{"line":59,"column":53},"end":{"line":59,"column":67}},{"start":{"line":59,"column":71},"end":{"line":59,"column":73}}],"line":59},"3":{"loc":{"start":{"line":60,"column":26},"end":{"line":60,"column":64}},"type":"binary-expr","locations":[{"start":{"line":60,"column":26},"end":{"line":60,"column":43}},{"start":{"line":60,"column":47},"end":{"line":60,"column":58}},{"start":{"line":60,"column":62},"end":{"line":60,"column":64}}],"line":60},"4":{"loc":{"start":{"line":61,"column":19},"end":{"line":61,"column":57}},"type":"binary-expr","locations":[{"start":{"line":61,"column":19},"end":{"line":61,"column":36}},{"start":{"line":61,"column":40},"end":{"line":61,"column":51}},{"start":{"line":61,"column":55},"end":{"line":61,"column":57}}],"line":61},"5":{"loc":{"start":{"line":73,"column":24},"end":{"line":73,"column":41}},"type":"binary-expr","locations":[{"start":{"line":73,"column":24},"end":{"line":73,"column":36}},{"start":{"line":73,"column":40},"end":{"line":73,"column":41}}],"line":73},"6":{"loc":{"start":{"line":75,"column":2},"end":{"line":81,"column":3}},"type":"if","locations":[{"start":{"line":75,"column":2},"end":{"line":81,"column":3}},{"start":{},"end":{}}],"line":75},"7":{"loc":{"start":{"line":99,"column":4},"end":{"line":122,"column":5}},"type":"switch","locations":[{"start":{"line":100,"column":6},"end":{"line":102,"column":14}},{"start":{"line":104,"column":6},"end":{"line":106,"column":14}},{"start":{"line":108,"column":6},"end":{"line":113,"column":14}},{"start":{"line":115,"column":6},"end":{"line":117,"column":14}},{"start":{"line":119,"column":6},"end":{"line":121,"column":14}}],"line":99},"8":{"loc":{"start":{"line":139,"column":20},"end":{"line":139,"column":45}},"type":"binary-expr","locations":[{"start":{"line":139,"column":20},"end":{"line":139,"column":34}},{"start":{"line":139,"column":38},"end":{"line":139,"column":45}}],"line":139},"9":{"loc":{"start":{"line":153,"column":13},"end":{"line":159,"column":13}},"type":"binary-expr","locations":[{"start":{"line":153,"column":13},"end":{"line":153,"column":30}},{"start":{"line":154,"column":14},"end":{"line":158,"column":21}}],"line":153},"10":{"loc":{"start":{"line":214,"column":20},"end":{"line":214,"column":77}},"type":"binary-expr","locations":[{"start":{"line":214,"column":20},"end":{"line":214,"column":52}},{"start":{"line":214,"column":56},"end":{"line":214,"column":77}}],"line":214},"11":{"loc":{"start":{"line":216,"column":25},"end":{"line":216,"column":71}},"type":"binary-expr","locations":[{"start":{"line":216,"column":25},"end":{"line":216,"column":58}},{"start":{"line":216,"column":62},"end":{"line":216,"column":71}}],"line":216},"12":{"loc":{"start":{"line":247,"column":32},"end":{"line":247,"column":62}},"type":"binary-expr","locations":[{"start":{"line":247,"column":32},"end":{"line":247,"column":53}},{"start":{"line":247,"column":57},"end":{"line":247,"column":62}}],"line":247},"13":{"loc":{"start":{"line":277,"column":30},"end":{"line":277,"column":60}},"type":"binary-expr","locations":[{"start":{"line":277,"column":30},"end":{"line":277,"column":51}},{"start":{"line":277,"column":55},"end":{"line":277,"column":60}}],"line":277},"14":{"loc":{"start":{"line":320,"column":30},"end":{"line":320,"column":60}},"type":"binary-expr","locations":[{"start":{"line":320,"column":30},"end":{"line":320,"column":51}},{"start":{"line":320,"column":55},"end":{"line":320,"column":60}}],"line":320}},"s":{"0":1,"1":10,"2":10,"3":10,"4":10,"5":10,"6":10,"7":10,"8":10,"9":10,"10":10,"11":10,"12":10,"13":10,"14":10,"15":10,"16":10,"17":10,"18":5,"19":5,"20":5,"21":5,"22":0,"23":0,"24":0,"25":0,"26":0,"27":0,"28":0,"29":0,"30":0,"31":0,"32":0,"33":5,"34":0,"35":0,"36":0,"37":4,"38":2,"39":0,"40":0,"41":2,"42":1,"43":1,"44":0,"45":0,"46":0,"47":0,"48":0,"49":0,"50":2,"51":1},"f":{"0":10,"1":10,"2":0,"3":0,"4":0,"5":0,"6":4,"7":2,"8":0,"9":0,"10":2,"11":1,"12":0,"13":0,"14":0,"15":0,"16":0,"17":0,"18":2,"19":1},"b":{"0":[10,5,5],"1":[10,5,5],"2":[10,5,5],"3":[10,5,5],"4":[10,5,5],"5":[10,10],"6":[5,5],"7":[0,0,0,0,0],"8":[5,0],"9":[5,0],"10":[2,2],"11":[2,2],"12":[1,0],"13":[0,0],"14":[0,0]},"_coverageSchema":"1a1c01bbd47fc00a2c39e90264f33305004495a9","hash":"b0461ad9d8171671c9d48b757db4f304f4df0deb"}
,"D:\\Nam_4_2025_2026\\Mobile\\BTL\\programming_mobile_e_learning_N23\\e-learning-frontend\\app\\(tabs)\\mycourses.tsx": {"path":"D:\\Nam_4_2025_2026\\Mobile\\BTL\\programming_mobile_e_learning_N23\\e-learning-frontend\\app\\(tabs)\\mycourses.tsx","statementMap":{"0":{"start":{"line":32,"column":19},"end":{"line":69,"column":1}},"1":{"start":{"line":41,"column":2},"end":{"line":68,"column":4}},"2":{"start":{"line":43,"column":28},"end":{"line":43,"column":36}},"3":{"start":{"line":45,"column":6},"end":{"line":51,"column":8}},"4":{"start":{"line":71,"column":24},"end":{"line":238,"column":1}},"5":{"start":{"line":72,"column":17},"end":{"line":72,"column":38}},"6":{"start":{"line":73,"column":40},"end":{"line":73,"column":66}},"7":{"start":{"line":74,"column":36},"end":{"line":74,"column":50}},"8":{"start":{"line":75,"column":42},"end":{"line":75,"column":57}},"9":{"start":{"line":78,"column":28},"end":{"line":78,"column":39}},"10":{"start":{"line":79,"column":19},"end":{"line":83,"column":4}},"11":{"start":{"line":85,"column":25},"end":{"line":103,"column":3}},"12":{"start":{"line":86,"column":4},"end":{"line":102,"column":5}},"13":{"start":{"line":87,"column":6},"end":{"line":89,"column":7}},"14":{"start":{"line":88,"column":8},"end":{"line":88,"column":27}},"15":{"start":{"line":91,"column":23},"end":{"line":91,"column":63}},"16":{"start":{"line":92,"column":6},"end":{"line":92,"column":36}},"17":{"start":{"line":94,"column":6},"end":{"line":98,"column":9}},"18":{"start":{"line":100,"column":6},"end":{"line":100,"column":26}},"19":{"start":{"line":101,"column":6},"end":{"line":101,"column":29}},"20":{"start":{"line":105,"column":2},"end":{"line":112,"column":4}},"21":{"start":{"line":107,"column":6},"end":{"line":107,"column":46}},"22":{"start":{"line":108,"column":6},"end":{"line":108,"column":44}},"23":{"start":{"line":110,"column":6},"end":{"line":110,"column":28}},"24":{"start":{"line":114,"column":20},"end":{"line":117,"column":8}},"25":{"start":{"line":115,"column":4},"end":{"line":115,"column":26}},"26":{"start":{"line":116,"column":4},"end":{"line":116,"column":25}},"27":{"start":{"line":119,"column":25},"end":{"line":119,"column":68}},"28":{"start":{"line":119,"column":51},"end":{"line":119,"column":67}},"29":{"start":{"line":120,"column":27},"end":{"line":120,"column":72}},"30":{"start":{"line":120,"column":53},"end":{"line":120,"column":71}},"31":{"start":{"line":123,"column":22},"end":{"line":145,"column":4}},"32":{"start":{"line":125,"column":6},"end":{"line":129,"column":8}},"33":{"start":{"line":132,"column":6},"end":{"line":136,"column":8}},"34":{"start":{"line":139,"column":6},"end":{"line":143,"column":8}},"35":{"start":{"line":147,"column":2},"end":{"line":175,"column":3}},"36":{"start":{"line":148,"column":4},"end":{"line":174,"column":6}},"37":{"start":{"line":177,"column":2},"end":{"line":237,"column":4}},"38":{"start":{"line":204,"column":10},"end":{"line":233,"column":12}},"39":{"start":{"line":222,"column":14},"end":{"line":231,"column":21}}},"fnMap":{"0":{"name":"(anonymous_0)","decl":{"start":{"line":32,"column":19},"end":{"line":32,"column":20}},"loc":{"start":{"line":41,"column":2},"end":{"line":68,"column":4}},"line":41},"1":{"name":"(anonymous_1)","decl":{"start":{"line":43,"column":18},"end":{"line":43,"column":19}},"loc":{"start":{"line":43,"column":28},"end":{"line":43,"column":36}},"line":43},"2":{"name":"(anonymous_2)","decl":{"start":{"line":44,"column":16},"end":{"line":44,"column":17}},"loc":{"start":{"line":45,"column":6},"end":{"line":51,"column":8}},"line":45},"3":{"name":"(anonymous_3)","decl":{"start":{"line":71,"column":24},"end":{"line":71,"column":25}},"loc":{"start":{"line":71,"column":30},"end":{"line":238,"column":1}},"line":71},"4":{"name":"(anonymous_4)","decl":{"start":{"line":85,"column":25},"end":{"line":85,"column":26}},"loc":{"start":{"line":85,"column":60},"end":{"line":103,"column":3}},"line":85},"5":{"name":"(anonymous_5)","decl":{"start":{"line":106,"column":16},"end":{"line":106,"column":17}},"loc":{"start":{"line":106,"column":22},"end":{"line":111,"column":5}},"line":106},"6":{"name":"(anonymous_6)","decl":{"start":{"line":114,"column":32},"end":{"line":114,"column":33}},"loc":{"start":{"line":114,"column":38},"end":{"line":117,"column":3}},"line":114},"7":{"name":"(anonymous_7)","decl":{"start":{"line":119,"column":44},"end":{"line":119,"column":45}},"loc":{"start":{"line":119,"column":51},"end":{"line":119,"column":67}},"line":119},"8":{"name":"(anonymous_8)","decl":{"start":{"line":120,"column":46},"end":{"line":120,"column":47}},"loc":{"start":{"line":120,"column":53},"end":{"line":120,"column":71}},"line":120},"9":{"name":"(anonymous_9)","decl":{"start":{"line":124,"column":9},"end":{"line":124,"column":10}},"loc":{"start":{"line":125,"column":6},"end":{"line":129,"column":8}},"line":125},"10":{"name":"(anonymous_10)","decl":{"start":{"line":131,"column":13},"end":{"line":131,"column":14}},"loc":{"start":{"line":132,"column":6},"end":{"line":136,"column":8}},"line":132},"11":{"name":"(anonymous_11)","decl":{"start":{"line":138,"column":15},"end":{"line":138,"column":16}},"loc":{"start":{"line":139,"column":6},"end":{"line":143,"column":8}},"line":139},"12":{"name":"(anonymous_12)","decl":{"start":{"line":203,"column":22},"end":{"line":203,"column":23}},"loc":{"start":{"line":204,"column":10},"end":{"line":233,"column":12}},"line":204},"13":{"name":"(anonymous_13)","decl":{"start":{"line":215,"column":25},"end":{"line":215,"column":26}},"loc":{"start":{"line":222,"column":14},"end":{"line":231,"column":21}},"line":222}},"branchMap":{"0":{"loc":{"start":{"line":50,"column":30},"end":{"line":50,"column":67}},"type":"binary-expr","locations":[{"start":{"line":50,"column":30},"end":{"line":50,"column":62}},{"start":{"line":50,"column":66},"end":{"line":50,"column":67}}],"line":50},"1":{"loc":{"start":{"line":85,"column":32},"end":{"line":85,"column":55}},"type":"default-arg","locations":[{"start":{"line":85,"column":50},"end":{"line":85,"column":55}}],"line":85},"2":{"loc":{"start":{"line":87,"column":6},"end":{"line":89,"column":7}},"type":"if","locations":[{"start":{"line":87,"column":6},"end":{"line":89,"column":7}},{"start":{},"end":{}}],"line":87},"3":{"loc":{"start":{"line":147,"column":2},"end":{"line":175,"column":3}},"type":"if","locations":[{"start":{"line":147,"column":2},"end":{"line":175,"column":3}},{"start":{},"end":{}}],"line":147}},"s":{"0":1,"1":0,"2":0,"3":0,"4":1,"5":521,"6":520,"7":520,"8":520,"9":520,"10":520,"11":520,"12":520,"13":520,"14":520,"15":520,"16":416,"17":52,"18":468,"19":468,"20":520,"21":520,"22":520,"23":520,"24":520,"25":0,"26":0,"27":520,"28":0,"29":520,"30":0,"31":520,"32":0,"33":0,"34":0,"35":520,"36":520,"37":0,"38":0,"39":0},"f":{"0":0,"1":0,"2":0,"3":521,"4":520,"5":520,"6":0,"7":0,"8":0,"9":0,"10":0,"11":0,"12":0,"13":0},"b":{"0":[0,0],"1":[0],"2":[520,0],"3":[520,0]},"_coverageSchema":"1a1c01bbd47fc00a2c39e90264f33305004495a9","hash":"888b65b0ada84e444373bc4843c004e32cc0701e"}
,"D:\\Nam_4_2025_2026\\Mobile\\BTL\\programming_mobile_e_learning_N23\\e-learning-frontend\\app\\(tabs)\\profile.tsx": {"path":"D:\\Nam_4_2025_2026\\Mobile\\BTL\\programming_mobile_e_learning_N23\\e-learning-frontend\\app\\(tabs)\\profile.tsx","statementMap":{"0":{"start":{"line":29,"column":22},"end":{"line":229,"column":1}},"1":{"start":{"line":31,"column":4},"end":{"line":31,"column":27}},"2":{"start":{"line":32,"column":17},"end":{"line":32,"column":28}},"3":{"start":{"line":33,"column":17},"end":{"line":33,"column":36}},"4":{"start":{"line":35,"column":56},"end":{"line":35,"column":75}},"5":{"start":{"line":36,"column":36},"end":{"line":36,"column":51}},"6":{"start":{"line":38,"column":23},"end":{"line":40,"column":10}},"7":{"start":{"line":39,"column":11},"end":{"line":39,"column":45}},"8":{"start":{"line":41,"column":25},"end":{"line":41,"column":77}},"9":{"start":{"line":41,"column":51},"end":{"line":41,"column":69}},"10":{"start":{"line":43,"column":2},"end":{"line":48,"column":4}},"11":{"start":{"line":45,"column":6},"end":{"line":45,"column":46}},"12":{"start":{"line":46,"column":6},"end":{"line":46,"column":44}},"13":{"start":{"line":50,"column":2},"end":{"line":74,"column":4}},"14":{"start":{"line":52,"column":38},"end":{"line":71,"column":7}},"15":{"start":{"line":53,"column":8},"end":{"line":56,"column":9}},"16":{"start":{"line":54,"column":10},"end":{"line":54,"column":37}},"17":{"start":{"line":55,"column":10},"end":{"line":55,"column":17}},"18":{"start":{"line":57,"column":8},"end":{"line":57,"column":27}},"19":{"start":{"line":58,"column":8},"end":{"line":70,"column":9}},"20":{"start":{"line":59,"column":27},"end":{"line":61,"column":12}},"21":{"start":{"line":62,"column":10},"end":{"line":62,"column":48}},"22":{"start":{"line":64,"column":10},"end":{"line":67,"column":12}},"23":{"start":{"line":69,"column":10},"end":{"line":69,"column":30}},"24":{"start":{"line":72,"column":6},"end":{"line":72,"column":32}},"25":{"start":{"line":76,"column":23},"end":{"line":85,"column":3}},"26":{"start":{"line":77,"column":4},"end":{"line":84,"column":5}},"27":{"start":{"line":78,"column":6},"end":{"line":78,"column":21}},"28":{"start":{"line":80,"column":6},"end":{"line":80,"column":38}},"29":{"start":{"line":82,"column":6},"end":{"line":82,"column":62}},"30":{"start":{"line":87,"column":2},"end":{"line":228,"column":4}},"31":{"start":{"line":114,"column":40},"end":{"line":114,"column":67}},"32":{"start":{"line":206,"column":16},"end":{"line":216,"column":18}}},"fnMap":{"0":{"name":"(anonymous_0)","decl":{"start":{"line":29,"column":22},"end":{"line":29,"column":23}},"loc":{"start":{"line":29,"column":28},"end":{"line":229,"column":1}},"line":29},"1":{"name":"(anonymous_1)","decl":{"start":{"line":39,"column":4},"end":{"line":39,"column":5}},"loc":{"start":{"line":39,"column":11},"end":{"line":39,"column":45}},"line":39},"2":{"name":"(anonymous_2)","decl":{"start":{"line":41,"column":44},"end":{"line":41,"column":45}},"loc":{"start":{"line":41,"column":51},"end":{"line":41,"column":69}},"line":41},"3":{"name":"(anonymous_3)","decl":{"start":{"line":44,"column":16},"end":{"line":44,"column":17}},"loc":{"start":{"line":44,"column":22},"end":{"line":47,"column":5}},"line":44},"4":{"name":"(anonymous_4)","decl":{"start":{"line":51,"column":22},"end":{"line":51,"column":23}},"loc":{"start":{"line":51,"column":28},"end":{"line":73,"column":5}},"line":51},"5":{"name":"(anonymous_5)","decl":{"start":{"line":52,"column":38},"end":{"line":52,"column":39}},"loc":{"start":{"line":52,"column":50},"end":{"line":71,"column":7}},"line":52},"6":{"name":"(anonymous_6)","decl":{"start":{"line":76,"column":23},"end":{"line":76,"column":24}},"loc":{"start":{"line":76,"column":35},"end":{"line":85,"column":3}},"line":76},"7":{"name":"(anonymous_7)","decl":{"start":{"line":114,"column":34},"end":{"line":114,"column":35}},"loc":{"start":{"line":114,"column":40},"end":{"line":114,"column":67}},"line":114},"8":{"name":"(anonymous_8)","decl":{"start":{"line":205,"column":39},"end":{"line":205,"column":40}},"loc":{"start":{"line":206,"column":16},"end":{"line":216,"column":18}},"line":206}},"branchMap":{"0":{"loc":{"start":{"line":39,"column":11},"end":{"line":39,"column":45}},"type":"binary-expr","locations":[{"start":{"line":39,"column":11},"end":{"line":39,"column":25}},{"start":{"line":39,"column":29},"end":{"line":39,"column":45}}],"line":39},"1":{"loc":{"start":{"line":53,"column":8},"end":{"line":56,"column":9}},"type":"if","locations":[{"start":{"line":53,"column":8},"end":{"line":56,"column":9}},{"start":{},"end":{}}],"line":53},"2":{"loc":{"start":{"line":66,"column":12},"end":{"line":66,"column":49}},"type":"binary-expr","locations":[{"start":{"line":66,"column":12},"end":{"line":66,"column":32}},{"start":{"line":66,"column":36},"end":{"line":66,"column":49}}],"line":66},"3":{"loc":{"start":{"line":151,"column":21},"end":{"line":151,"column":74}},"type":"binary-expr","locations":[{"start":{"line":151,"column":21},"end":{"line":151,"column":37}},{"start":{"line":151,"column":41},"end":{"line":151,"column":74}}],"line":151},"4":{"loc":{"start":{"line":165,"column":13},"end":{"line":165,"column":47}},"type":"binary-expr","locations":[{"start":{"line":165,"column":13},"end":{"line":165,"column":27}},{"start":{"line":165,"column":31},"end":{"line":165,"column":47}}],"line":165},"5":{"loc":{"start":{"line":201,"column":11},"end":{"line":224,"column":11}},"type":"cond-expr","locations":[{"start":{"line":202,"column":12},"end":{"line":202,"column":64}},{"start":{"line":203,"column":14},"end":{"line":224,"column":11}}],"line":201},"6":{"loc":{"start":{"line":203,"column":14},"end":{"line":224,"column":11}},"type":"cond-expr","locations":[{"start":{"line":204,"column":12},"end":{"line":218,"column":19}},{"start":{"line":220,"column":12},"end":{"line":223,"column":14}}],"line":203}},"s":{"0":1,"1":625,"2":624,"3":624,"4":624,"5":624,"6":624,"7":1872,"8":624,"9":1872,"10":624,"11":624,"12":624,"13":624,"14":624,"15":624,"16":52,"17":52,"18":572,"19":572,"20":572,"21":520,"22":52,"23":572,"24":624,"25":624,"26":0,"27":0,"28":0,"29":0,"30":624,"31":0,"32":0},"f":{"0":625,"1":1872,"2":1872,"3":624,"4":624,"5":624,"6":0,"7":0,"8":0},"b":{"0":[1872,1872],"1":[52,572],"2":[52,52],"3":[624,0],"4":[624,0],"5":[550,74],"6":[0,74]},"_coverageSchema":"1a1c01bbd47fc00a2c39e90264f33305004495a9","hash":"37b882069a461c5dee33a89db3f0e2623f73fbba"}
,"D:\\Nam_4_2025_2026\\Mobile\\BTL\\programming_mobile_e_learning_N23\\e-learning-frontend\\app\\(tabs)\\search.tsx": {"path":"D:\\Nam_4_2025_2026\\Mobile\\BTL\\programming_mobile_e_learning_N23\\e-learning-frontend\\app\\(tabs)\\search.tsx","statementMap":{"0":{"start":{"line":36,"column":19},"end":{"line":43,"column":1}},"1":{"start":{"line":47,"column":4},"end":{"line":54,"column":1}},"2":{"start":{"line":56,"column":21},"end":{"line":353,"column":1}},"3":{"start":{"line":57,"column":17},"end":{"line":57,"column":28}},"4":{"start":{"line":59,"column":40},"end":{"line":59,"column":52}},"5":{"start":{"line":60,"column":44},"end":{"line":60,"column":66}},"6":{"start":{"line":61,"column":40},"end":{"line":61,"column":55}},"7":{"start":{"line":62,"column":38},"end":{"line":62,"column":62}},"8":{"start":{"line":63,"column":40},"end":{"line":63,"column":62}},"9":{"start":{"line":64,"column":42},"end":{"line":64,"column":57}},"10":{"start":{"line":66,"column":2},"end":{"line":71,"column":4}},"11":{"start":{"line":68,"column":6},"end":{"line":68,"column":46}},"12":{"start":{"line":69,"column":6},"end":{"line":69,"column":44}},"13":{"start":{"line":73,"column":23},"end":{"line":90,"column":8}},"14":{"start":{"line":74,"column":4},"end":{"line":89,"column":5}},"15":{"start":{"line":75,"column":31},"end":{"line":78,"column":8}},"16":{"start":{"line":79,"column":6},"end":{"line":81,"column":8}},"17":{"start":{"line":82,"column":6},"end":{"line":86,"column":8}},"18":{"start":{"line":88,"column":6},"end":{"line":88,"column":55}},"19":{"start":{"line":93,"column":2},"end":{"line":101,"column":21}},"20":{"start":{"line":94,"column":20},"end":{"line":94,"column":24}},"21":{"start":{"line":95,"column":4},"end":{"line":97,"column":9}},"22":{"start":{"line":96,"column":6},"end":{"line":96,"column":27}},"23":{"start":{"line":98,"column":4},"end":{"line":100,"column":6}},"24":{"start":{"line":99,"column":6},"end":{"line":99,"column":24}},"25":{"start":{"line":103,"column":22},"end":{"line":103,"column":63}},"26":{"start":{"line":103,"column":40},"end":{"line":103,"column":58}},"27":{"start":{"line":105,"column":23},"end":{"line":117,"column":8}},"28":{"start":{"line":106,"column":4},"end":{"line":106,"column":25}},"29":{"start":{"line":107,"column":4},"end":{"line":116,"column":5}},"30":{"start":{"line":108,"column":18},"end":{"line":110,"column":8}},"31":{"start":{"line":111,"column":6},"end":{"line":111,"column":39}},"32":{"start":{"line":113,"column":6},"end":{"line":113,"column":43}},"33":{"start":{"line":115,"column":6},"end":{"line":115,"column":28}},"34":{"start":{"line":120,"column":2},"end":{"line":126,"column":34}},"35":{"start":{"line":121,"column":20},"end":{"line":124,"column":11}},"36":{"start":{"line":122,"column":6},"end":{"line":123,"column":32}},"37":{"start":{"line":122,"column":41},"end":{"line":122,"column":67}},"38":{"start":{"line":123,"column":11},"end":{"line":123,"column":32}},"39":{"start":{"line":125,"column":4},"end":{"line":125,"column":39}},"40":{"start":{"line":125,"column":17},"end":{"line":125,"column":38}},"41":{"start":{"line":129,"column":20},"end":{"line":140,"column":47}},"42":{"start":{"line":130,"column":4},"end":{"line":130,"column":26}},"43":{"start":{"line":131,"column":4},"end":{"line":139,"column":5}},"44":{"start":{"line":132,"column":6},"end":{"line":136,"column":7}},"45":{"start":{"line":133,"column":8},"end":{"line":133,"column":40}},"46":{"start":{"line":135,"column":8},"end":{"line":135,"column":29}},"47":{"start":{"line":138,"column":6},"end":{"line":138,"column":29}},"48":{"start":{"line":143,"column":29},"end":{"line":159,"column":3}},"49":{"start":{"line":145,"column":6},"end":{"line":156,"column":8}},"50":{"start":{"line":151,"column":10},"end":{"line":154,"column":12}},"51":{"start":{"line":162,"column":27},"end":{"line":177,"column":3}},"52":{"start":{"line":164,"column":6},"end":{"line":174,"column":8}},"53":{"start":{"line":180,"column":28},"end":{"line":281,"column":3}},"54":{"start":{"line":182,"column":6},"end":{"line":271,"column":8}},"55":{"start":{"line":185,"column":32},"end":{"line":185,"column":40}},"56":{"start":{"line":203,"column":18},"end":{"line":209,"column":37}},"57":{"start":{"line":206,"column":35},"end":{"line":206,"column":56}},"58":{"start":{"line":219,"column":47},"end":{"line":219,"column":73}},"59":{"start":{"line":235,"column":20},"end":{"line":238,"column":22}},"60":{"start":{"line":249,"column":40},"end":{"line":249,"column":48}},"61":{"start":{"line":251,"column":18},"end":{"line":260,"column":20}},"62":{"start":{"line":283,"column":2},"end":{"line":352,"column":4}},"63":{"start":{"line":322,"column":36},"end":{"line":322,"column":44}}},"fnMap":{"0":{"name":"(anonymous_0)","decl":{"start":{"line":56,"column":21},"end":{"line":56,"column":22}},"loc":{"start":{"line":56,"column":27},"end":{"line":353,"column":1}},"line":56},"1":{"name":"(anonymous_1)","decl":{"start":{"line":67,"column":16},"end":{"line":67,"column":17}},"loc":{"start":{"line":67,"column":22},"end":{"line":70,"column":5}},"line":67},"2":{"name":"(anonymous_2)","decl":{"start":{"line":73,"column":35},"end":{"line":73,"column":36}},"loc":{"start":{"line":73,"column":47},"end":{"line":90,"column":3}},"line":73},"3":{"name":"(anonymous_3)","decl":{"start":{"line":93,"column":12},"end":{"line":93,"column":13}},"loc":{"start":{"line":93,"column":18},"end":{"line":101,"column":3}},"line":93},"4":{"name":"(anonymous_4)","decl":{"start":{"line":95,"column":5},"end":{"line":95,"column":6}},"loc":{"start":{"line":95,"column":17},"end":{"line":97,"column":5}},"line":95},"5":{"name":"(anonymous_5)","decl":{"start":{"line":98,"column":11},"end":{"line":98,"column":12}},"loc":{"start":{"line":98,"column":17},"end":{"line":100,"column":5}},"line":98},"6":{"name":"(anonymous_6)","decl":{"start":{"line":103,"column":34},"end":{"line":103,"column":35}},"loc":{"start":{"line":103,"column":40},"end":{"line":103,"column":58}},"line":103},"7":{"name":"(anonymous_7)","decl":{"start":{"line":105,"column":35},"end":{"line":105,"column":36}},"loc":{"start":{"line":105,"column":60},"end":{"line":117,"column":3}},"line":105},"8":{"name":"(anonymous_8)","decl":{"start":{"line":120,"column":12},"end":{"line":120,"column":13}},"loc":{"start":{"line":120,"column":18},"end":{"line":126,"column":3}},"line":120},"9":{"name":"(anonymous_9)","decl":{"start":{"line":121,"column":31},"end":{"line":121,"column":32}},"loc":{"start":{"line":121,"column":37},"end":{"line":124,"column":5}},"line":121},"10":{"name":"(anonymous_10)","decl":{"start":{"line":125,"column":11},"end":{"line":125,"column":12}},"loc":{"start":{"line":125,"column":17},"end":{"line":125,"column":38}},"line":125},"11":{"name":"(anonymous_11)","decl":{"start":{"line":129,"column":32},"end":{"line":129,"column":33}},"loc":{"start":{"line":129,"column":44},"end":{"line":140,"column":3}},"line":129},"12":{"name":"(anonymous_12)","decl":{"start":{"line":144,"column":4},"end":{"line":144,"column":5}},"loc":{"start":{"line":145,"column":6},"end":{"line":156,"column":8}},"line":145},"13":{"name":"(anonymous_13)","decl":{"start":{"line":150,"column":17},"end":{"line":150,"column":18}},"loc":{"start":{"line":151,"column":10},"end":{"line":154,"column":12}},"line":151},"14":{"name":"(anonymous_14)","decl":{"start":{"line":163,"column":4},"end":{"line":163,"column":5}},"loc":{"start":{"line":164,"column":6},"end":{"line":174,"column":8}},"line":164},"15":{"name":"(anonymous_15)","decl":{"start":{"line":181,"column":4},"end":{"line":181,"column":5}},"loc":{"start":{"line":182,"column":6},"end":{"line":271,"column":8}},"line":182},"16":{"name":"(anonymous_16)","decl":{"start":{"line":185,"column":22},"end":{"line":185,"column":23}},"loc":{"start":{"line":185,"column":32},"end":{"line":185,"column":40}},"line":185},"17":{"name":"(anonymous_17)","decl":{"start":{"line":202,"column":32},"end":{"line":202,"column":33}},"loc":{"start":{"line":203,"column":18},"end":{"line":209,"column":37}},"line":203},"18":{"name":"(anonymous_18)","decl":{"start":{"line":206,"column":29},"end":{"line":206,"column":30}},"loc":{"start":{"line":206,"column":35},"end":{"line":206,"column":56}},"line":206},"19":{"name":"(anonymous_19)","decl":{"start":{"line":219,"column":41},"end":{"line":219,"column":42}},"loc":{"start":{"line":219,"column":47},"end":{"line":219,"column":73}},"line":219},"20":{"name":"(anonymous_20)","decl":{"start":{"line":234,"column":27},"end":{"line":234,"column":28}},"loc":{"start":{"line":235,"column":20},"end":{"line":238,"column":22}},"line":235},"21":{"name":"(anonymous_21)","decl":{"start":{"line":249,"column":30},"end":{"line":249,"column":31}},"loc":{"start":{"line":249,"column":40},"end":{"line":249,"column":48}},"line":249},"22":{"name":"(anonymous_22)","decl":{"start":{"line":250,"column":28},"end":{"line":250,"column":29}},"loc":{"start":{"line":251,"column":18},"end":{"line":260,"column":20}},"line":251},"23":{"name":"(anonymous_23)","decl":{"start":{"line":322,"column":26},"end":{"line":322,"column":27}},"loc":{"start":{"line":322,"column":36},"end":{"line":322,"column":44}},"line":322}},"branchMap":{"0":{"loc":{"start":{"line":80,"column":8},"end":{"line":80,"column":76}},"type":"cond-expr","locations":[{"start":{"line":80,"column":37},"end":{"line":80,"column":48}},{"start":{"line":80,"column":52},"end":{"line":80,"column":75}}],"line":80},"1":{"loc":{"start":{"line":80,"column":52},"end":{"line":80,"column":75}},"type":"binary-expr","locations":[{"start":{"line":80,"column":52},"end":{"line":80,"column":69}},{"start":{"line":80,"column":73},"end":{"line":80,"column":75}}],"line":80},"2":{"loc":{"start":{"line":83,"column":8},"end":{"line":85,"column":31}},"type":"cond-expr","locations":[{"start":{"line":84,"column":12},"end":{"line":84,"column":28}},{"start":{"line":85,"column":13},"end":{"line":85,"column":30}}],"line":83},"3":{"loc":{"start":{"line":85,"column":13},"end":{"line":85,"column":30}},"type":"binary-expr","locations":[{"start":{"line":85,"column":13},"end":{"line":85,"column":24}},{"start":{"line":85,"column":28},"end":{"line":85,"column":30}}],"line":85},"4":{"loc":{"start":{"line":111,"column":23},"end":{"line":111,"column":37}},"type":"binary-expr","locations":[{"start":{"line":111,"column":23},"end":{"line":111,"column":31}},{"start":{"line":111,"column":35},"end":{"line":111,"column":37}}],"line":111},"5":{"loc":{"start":{"line":122,"column":6},"end":{"line":123,"column":32}},"type":"if","locations":[{"start":{"line":122,"column":6},"end":{"line":123,"column":32}},{"start":{"line":123,"column":11},"end":{"line":123,"column":32}}],"line":122},"6":{"loc":{"start":{"line":132,"column":6},"end":{"line":136,"column":7}},"type":"if","locations":[{"start":{"line":132,"column":6},"end":{"line":136,"column":7}},{"start":{"line":134,"column":13},"end":{"line":136,"column":7}}],"line":132},"7":{"loc":{"start":{"line":148,"column":18},"end":{"line":148,"column":75}},"type":"binary-expr","locations":[{"start":{"line":148,"column":18},"end":{"line":148,"column":50}},{"start":{"line":148,"column":54},"end":{"line":148,"column":75}}],"line":148},"8":{"loc":{"start":{"line":149,"column":15},"end":{"line":149,"column":61}},"type":"binary-expr","locations":[{"start":{"line":149,"column":15},"end":{"line":149,"column":48}},{"start":{"line":149,"column":52},"end":{"line":149,"column":61}}],"line":149},"9":{"loc":{"start":{"line":297,"column":11},"end":{"line":301,"column":11}},"type":"binary-expr","locations":[{"start":{"line":297,"column":11},"end":{"line":297,"column":33}},{"start":{"line":298,"column":12},"end":{"line":300,"column":31}}],"line":297},"10":{"loc":{"start":{"line":309,"column":7},"end":{"line":350,"column":7}},"type":"cond-expr","locations":[{"start":{"line":310,"column":8},"end":{"line":347,"column":9}},{"start":{"line":349,"column":8},"end":{"line":349,"column":25}}],"line":309},"11":{"loc":{"start":{"line":310,"column":8},"end":{"line":347,"column":9}},"type":"cond-expr","locations":[{"start":{"line":311,"column":10},"end":{"line":317,"column":17}},{"start":{"line":319,"column":10},"end":{"line":346,"column":12}}],"line":310},"12":{"loc":{"start":{"line":341,"column":16},"end":{"line":341,"column":68}},"type":"cond-expr","locations":[{"start":{"line":341,"column":45},"end":{"line":341,"column":53}},{"start":{"line":341,"column":56},"end":{"line":341,"column":68}}],"line":341}},"s":{"0":1,"1":1,"2":1,"3":18,"4":18,"5":18,"6":18,"7":18,"8":18,"9":18,"10":18,"11":18,"12":18,"13":18,"14":7,"15":7,"16":7,"17":7,"18":0,"19":18,"20":7,"21":7,"22":7,"23":7,"24":6,"25":18,"26":0,"27":18,"28":1,"29":1,"30":1,"31":1,"32":0,"33":1,"34":18,"35":11,"36":1,"37":1,"38":0,"39":11,"40":10,"41":18,"42":0,"43":0,"44":0,"45":0,"46":0,"47":0,"48":18,"49":2,"50":0,"51":18,"52":1,"53":18,"54":18,"55":3,"56":108,"57":0,"58":0,"59":0,"60":0,"61":0,"62":18,"63":1},"f":{"0":18,"1":18,"2":7,"3":7,"4":7,"5":6,"6":0,"7":1,"8":11,"9":1,"10":10,"11":0,"12":2,"13":0,"14":1,"15":18,"16":3,"17":108,"18":0,"19":0,"20":0,"21":0,"22":0,"23":1},"b":{"0":[2,5],"1":[5,0],"2":[6,1],"3":[1,0],"4":[1,0],"5":[1,0],"6":[0,0],"7":[2,1],"8":[2,1],"9":[18,6],"10":[6,12],"11":[0,6],"12":[5,1]},"_coverageSchema":"1a1c01bbd47fc00a2c39e90264f33305004495a9","hash":"77a59036f254ab4b6cc0fec962f1651ef54685be"}
,"D:\\Nam_4_2025_2026\\Mobile\\BTL\\programming_mobile_e_learning_N23\\e-learning-frontend\\app\\course\\index.tsx": {"path":"D:\\Nam_4_2025_2026\\Mobile\\BTL\\programming_mobile_e_learning_N23\\e-learning-frontend\\app\\course\\index.tsx","statementMap":{"0":{"start":{"line":39,"column":2},"end":{"line":39,"column":37}},"1":{"start":{"line":42,"column":18},"end":{"line":116,"column":1}},"2":{"start":{"line":50,"column":4},"end":{"line":114,"column":6}},"3":{"start":{"line":56,"column":14},"end":{"line":62,"column":30}},"4":{"start":{"line":63,"column":12},"end":{"line":63,"column":35}},"5":{"start":{"line":118,"column":22},"end":{"line":339,"column":1}},"6":{"start":{"line":119,"column":17},"end":{"line":119,"column":28}},"7":{"start":{"line":120,"column":17},"end":{"line":120,"column":39}},"8":{"start":{"line":123,"column":4},"end":{"line":124,"column":12}},"9":{"start":{"line":126,"column":26},"end":{"line":126,"column":52}},"10":{"start":{"line":127,"column":42},"end":{"line":129,"column":3}},"11":{"start":{"line":131,"column":21},"end":{"line":131,"column":45}},"12":{"start":{"line":132,"column":23},"end":{"line":132,"column":49}},"13":{"start":{"line":133,"column":17},"end":{"line":133,"column":32}},"14":{"start":{"line":135,"column":32},"end":{"line":135,"column":54}},"15":{"start":{"line":136,"column":26},"end":{"line":136,"column":37}},"16":{"start":{"line":137,"column":32},"end":{"line":137,"column":47}},"17":{"start":{"line":138,"column":36},"end":{"line":138,"column":50}},"18":{"start":{"line":139,"column":42},"end":{"line":139,"column":57}},"19":{"start":{"line":141,"column":2},"end":{"line":146,"column":4}},"20":{"start":{"line":143,"column":6},"end":{"line":143,"column":46}},"21":{"start":{"line":144,"column":6},"end":{"line":144,"column":44}},"22":{"start":{"line":149,"column":16},"end":{"line":163,"column":40}},"23":{"start":{"line":150,"column":4},"end":{"line":150,"column":55}},"24":{"start":{"line":150,"column":22},"end":{"line":150,"column":55}},"25":{"start":{"line":151,"column":4},"end":{"line":151,"column":48}},"26":{"start":{"line":151,"column":22},"end":{"line":151,"column":48}},"27":{"start":{"line":152,"column":4},"end":{"line":162,"column":5}},"28":{"start":{"line":154,"column":8},"end":{"line":154,"column":33}},"29":{"start":{"line":156,"column":8},"end":{"line":156,"column":36}},"30":{"start":{"line":158,"column":8},"end":{"line":158,"column":36}},"31":{"start":{"line":161,"column":8},"end":{"line":161,"column":29}},"32":{"start":{"line":166,"column":20},"end":{"line":198,"column":3}},"33":{"start":{"line":168,"column":6},"end":{"line":195,"column":7}},"34":{"start":{"line":169,"column":20},"end":{"line":178,"column":10}},"35":{"start":{"line":180,"column":31},"end":{"line":184,"column":16}},"36":{"start":{"line":186,"column":8},"end":{"line":187,"column":54}},"37":{"start":{"line":186,"column":27},"end":{"line":186,"column":44}},"38":{"start":{"line":187,"column":13},"end":{"line":187,"column":54}},"39":{"start":{"line":187,"column":34},"end":{"line":187,"column":52}},"40":{"start":{"line":189,"column":8},"end":{"line":189,"column":44}},"41":{"start":{"line":191,"column":8},"end":{"line":191,"column":53}},"42":{"start":{"line":193,"column":8},"end":{"line":193,"column":28}},"43":{"start":{"line":194,"column":8},"end":{"line":194,"column":31}},"44":{"start":{"line":200,"column":2},"end":{"line":205,"column":18}},"45":{"start":{"line":203,"column":4},"end":{"line":203,"column":15}},"46":{"start":{"line":204,"column":4},"end":{"line":204,"column":17}},"47":{"start":{"line":207,"column":20},"end":{"line":211,"column":3}},"48":{"start":{"line":208,"column":4},"end":{"line":208,"column":26}},"49":{"start":{"line":209,"column":4},"end":{"line":209,"column":15}},"50":{"start":{"line":210,"column":4},"end":{"line":210,"column":17}},"51":{"start":{"line":213,"column":19},"end":{"line":219,"column":3}},"52":{"start":{"line":214,"column":4},"end":{"line":218,"column":5}},"53":{"start":{"line":215,"column":19},"end":{"line":215,"column":27}},"54":{"start":{"line":216,"column":6},"end":{"line":216,"column":20}},"55":{"start":{"line":217,"column":6},"end":{"line":217,"column":22}},"56":{"start":{"line":221,"column":23},"end":{"line":225,"column":8}},"57":{"start":{"line":222,"column":4},"end":{"line":222,"column":22}},"58":{"start":{"line":223,"column":4},"end":{"line":223,"column":27}},"59":{"start":{"line":227,"column":23},"end":{"line":230,"column":8}},"60":{"start":{"line":229,"column":4},"end":{"line":229,"column":33}},"61":{"start":{"line":232,"column":27},"end":{"line":234,"column":8}},"62":{"start":{"line":233,"column":4},"end":{"line":233,"column":37}},"63":{"start":{"line":233,"column":30},"end":{"line":233,"column":35}},"64":{"start":{"line":236,"column":21},"end":{"line":276,"column":3}},"65":{"start":{"line":238,"column":6},"end":{"line":273,"column":25}},"66":{"start":{"line":239,"column":23},"end":{"line":239,"column":57}},"67":{"start":{"line":278,"column":2},"end":{"line":285,"column":3}},"68":{"start":{"line":279,"column":4},"end":{"line":284,"column":6}},"69":{"start":{"line":288,"column":2},"end":{"line":338,"column":4}},"70":{"start":{"line":307,"column":32},"end":{"line":307,"column":40}}},"fnMap":{"0":{"name":"asStr","decl":{"start":{"line":38,"column":9},"end":{"line":38,"column":14}},"loc":{"start":{"line":38,"column":48},"end":{"line":40,"column":1}},"line":38},"1":{"name":"(anonymous_1)","decl":{"start":{"line":43,"column":2},"end":{"line":43,"column":3}},"loc":{"start":{"line":49,"column":13},"end":{"line":115,"column":3}},"line":49},"2":{"name":"(anonymous_2)","decl":{"start":{"line":54,"column":19},"end":{"line":54,"column":20}},"loc":{"start":{"line":54,"column":25},"end":{"line":65,"column":11}},"line":54},"3":{"name":"(anonymous_3)","decl":{"start":{"line":118,"column":22},"end":{"line":118,"column":23}},"loc":{"start":{"line":118,"column":28},"end":{"line":339,"column":1}},"line":118},"4":{"name":"(anonymous_4)","decl":{"start":{"line":142,"column":16},"end":{"line":142,"column":17}},"loc":{"start":{"line":142,"column":22},"end":{"line":145,"column":5}},"line":142},"5":{"name":"(anonymous_5)","decl":{"start":{"line":149,"column":24},"end":{"line":149,"column":25}},"loc":{"start":{"line":149,"column":30},"end":{"line":163,"column":3}},"line":149},"6":{"name":"(anonymous_6)","decl":{"start":{"line":167,"column":4},"end":{"line":167,"column":5}},"loc":{"start":{"line":167,"column":31},"end":{"line":196,"column":5}},"line":167},"7":{"name":"(anonymous_7)","decl":{"start":{"line":187,"column":24},"end":{"line":187,"column":25}},"loc":{"start":{"line":187,"column":34},"end":{"line":187,"column":52}},"line":187},"8":{"name":"(anonymous_8)","decl":{"start":{"line":200,"column":12},"end":{"line":200,"column":13}},"loc":{"start":{"line":200,"column":18},"end":{"line":205,"column":3}},"line":200},"9":{"name":"(anonymous_9)","decl":{"start":{"line":207,"column":20},"end":{"line":207,"column":21}},"loc":{"start":{"line":207,"column":26},"end":{"line":211,"column":3}},"line":207},"10":{"name":"(anonymous_10)","decl":{"start":{"line":213,"column":19},"end":{"line":213,"column":20}},"loc":{"start":{"line":213,"column":25},"end":{"line":219,"column":3}},"line":213},"11":{"name":"(anonymous_11)","decl":{"start":{"line":221,"column":35},"end":{"line":221,"column":36}},"loc":{"start":{"line":221,"column":41},"end":{"line":225,"column":3}},"line":221},"12":{"name":"(anonymous_12)","decl":{"start":{"line":227,"column":35},"end":{"line":227,"column":36}},"loc":{"start":{"line":227,"column":61},"end":{"line":230,"column":3}},"line":227},"13":{"name":"(anonymous_13)","decl":{"start":{"line":232,"column":39},"end":{"line":232,"column":40}},"loc":{"start":{"line":232,"column":45},"end":{"line":234,"column":3}},"line":232},"14":{"name":"(anonymous_14)","decl":{"start":{"line":233,"column":20},"end":{"line":233,"column":21}},"loc":{"start":{"line":233,"column":30},"end":{"line":233,"column":35}},"line":233},"15":{"name":"(anonymous_15)","decl":{"start":{"line":237,"column":4},"end":{"line":237,"column":5}},"loc":{"start":{"line":238,"column":6},"end":{"line":273,"column":25}},"line":238},"16":{"name":"(anonymous_16)","decl":{"start":{"line":239,"column":17},"end":{"line":239,"column":18}},"loc":{"start":{"line":239,"column":23},"end":{"line":239,"column":57}},"line":239},"17":{"name":"(anonymous_17)","decl":{"start":{"line":307,"column":22},"end":{"line":307,"column":23}},"loc":{"start":{"line":307,"column":32},"end":{"line":307,"column":40}},"line":307}},"branchMap":{"0":{"loc":{"start":{"line":39,"column":9},"end":{"line":39,"column":36}},"type":"cond-expr","locations":[{"start":{"line":39,"column":28},"end":{"line":39,"column":32}},{"start":{"line":39,"column":35},"end":{"line":39,"column":36}}],"line":39},"1":{"loc":{"start":{"line":56,"column":14},"end":{"line":62,"column":30}},"type":"cond-expr","locations":[{"start":{"line":57,"column":18},"end":{"line":57,"column":27}},{"start":{"line":58,"column":18},"end":{"line":62,"column":30}}],"line":56},"2":{"loc":{"start":{"line":58,"column":18},"end":{"line":62,"column":30}},"type":"cond-expr","locations":[{"start":{"line":59,"column":20},"end":{"line":59,"column":30}},{"start":{"line":60,"column":20},"end":{"line":62,"column":30}}],"line":58},"3":{"loc":{"start":{"line":60,"column":20},"end":{"line":62,"column":30}},"type":"cond-expr","locations":[{"start":{"line":61,"column":22},"end":{"line":61,"column":33}},{"start":{"line":62,"column":22},"end":{"line":62,"column":30}}],"line":60},"4":{"loc":{"start":{"line":70,"column":13},"end":{"line":76,"column":40}},"type":"cond-expr","locations":[{"start":{"line":71,"column":16},"end":{"line":71,"column":24}},{"start":{"line":72,"column":16},"end":{"line":76,"column":40}}],"line":70},"5":{"loc":{"start":{"line":72,"column":16},"end":{"line":76,"column":40}},"type":"cond-expr","locations":[{"start":{"line":73,"column":18},"end":{"line":73,"column":27}},{"start":{"line":74,"column":18},"end":{"line":76,"column":40}}],"line":72},"6":{"loc":{"start":{"line":74,"column":18},"end":{"line":76,"column":40}},"type":"cond-expr","locations":[{"start":{"line":75,"column":20},"end":{"line":75,"column":40}},{"start":{"line":76,"column":20},"end":{"line":76,"column":40}}],"line":74},"7":{"loc":{"start":{"line":84,"column":12},"end":{"line":86,"column":44}},"type":"cond-expr","locations":[{"start":{"line":85,"column":16},"end":{"line":85,"column":47}},{"start":{"line":86,"column":16},"end":{"line":86,"column":44}}],"line":84},"8":{"loc":{"start":{"line":92,"column":19},"end":{"line":92,"column":50}},"type":"cond-expr","locations":[{"start":{"line":92,"column":34},"end":{"line":92,"column":41}},{"start":{"line":92,"column":44},"end":{"line":92,"column":50}}],"line":92},"9":{"loc":{"start":{"line":96,"column":14},"end":{"line":96,"column":73}},"type":"cond-expr","locations":[{"start":{"line":96,"column":29},"end":{"line":96,"column":55}},{"start":{"line":96,"column":58},"end":{"line":96,"column":73}}],"line":96},"10":{"loc":{"start":{"line":104,"column":9},"end":{"line":112,"column":9}},"type":"binary-expr","locations":[{"start":{"line":104,"column":10},"end":{"line":104,"column":22}},{"start":{"line":104,"column":26},"end":{"line":104,"column":43}},{"start":{"line":105,"column":10},"end":{"line":111,"column":29}}],"line":104},"11":{"loc":{"start":{"line":123,"column":4},"end":{"line":124,"column":12}},"type":"binary-expr","locations":[{"start":{"line":123,"column":5},"end":{"line":123,"column":74}},{"start":{"line":124,"column":4},"end":{"line":124,"column":12}}],"line":123},"12":{"loc":{"start":{"line":150,"column":4},"end":{"line":150,"column":55}},"type":"if","locations":[{"start":{"line":150,"column":4},"end":{"line":150,"column":55}},{"start":{},"end":{}}],"line":150},"13":{"loc":{"start":{"line":151,"column":4},"end":{"line":151,"column":48}},"type":"if","locations":[{"start":{"line":151,"column":4},"end":{"line":151,"column":48}},{"start":{},"end":{}}],"line":151},"14":{"loc":{"start":{"line":152,"column":4},"end":{"line":162,"column":5}},"type":"switch","locations":[{"start":{"line":153,"column":6},"end":{"line":154,"column":33}},{"start":{"line":155,"column":6},"end":{"line":156,"column":36}},{"start":{"line":157,"column":6},"end":{"line":158,"column":36}},{"start":{"line":159,"column":6},"end":{"line":159,"column":20}},{"start":{"line":160,"column":6},"end":{"line":161,"column":29}}],"line":152},"15":{"loc":{"start":{"line":174,"column":22},"end":{"line":174,"column":52}},"type":"cond-expr","locations":[{"start":{"line":174,"column":37},"end":{"line":174,"column":40}},{"start":{"line":174,"column":43},"end":{"line":174,"column":52}}],"line":174},"16":{"loc":{"start":{"line":180,"column":31},"end":{"line":184,"column":16}},"type":"cond-expr","locations":[{"start":{"line":181,"column":12},"end":{"line":181,"column":25}},{"start":{"line":182,"column":12},"end":{"line":184,"column":16}}],"line":180},"17":{"loc":{"start":{"line":182,"column":12},"end":{"line":184,"column":16}},"type":"cond-expr","locations":[{"start":{"line":183,"column":14},"end":{"line":183,"column":22}},{"start":{"line":184,"column":14},"end":{"line":184,"column":16}}],"line":182},"18":{"loc":{"start":{"line":186,"column":8},"end":{"line":187,"column":54}},"type":"if","locations":[{"start":{"line":186,"column":8},"end":{"line":187,"column":54}},{"start":{"line":187,"column":13},"end":{"line":187,"column":54}}],"line":186},"19":{"loc":{"start":{"line":214,"column":4},"end":{"line":218,"column":5}},"type":"if","locations":[{"start":{"line":214,"column":4},"end":{"line":218,"column":5}},{"start":{},"end":{}}],"line":214},"20":{"loc":{"start":{"line":214,"column":8},"end":{"line":214,"column":29}},"type":"binary-expr","locations":[{"start":{"line":214,"column":8},"end":{"line":214,"column":15}},{"start":{"line":214,"column":19},"end":{"line":214,"column":29}}],"line":214},"21":{"loc":{"start":{"line":258,"column":22},"end":{"line":258,"column":38}},"type":"binary-expr","locations":[{"start":{"line":258,"column":22},"end":{"line":258,"column":33}},{"start":{"line":258,"column":37},"end":{"line":258,"column":38}}],"line":258},"22":{"loc":{"start":{"line":258,"column":54},"end":{"line":258,"column":75}},"type":"binary-expr","locations":[{"start":{"line":258,"column":54},"end":{"line":258,"column":70}},{"start":{"line":258,"column":74},"end":{"line":258,"column":75}}],"line":258},"23":{"loc":{"start":{"line":264,"column":23},"end":{"line":264,"column":38}},"type":"binary-expr","locations":[{"start":{"line":264,"column":23},"end":{"line":264,"column":33}},{"start":{"line":264,"column":37},"end":{"line":264,"column":38}}],"line":264},"24":{"loc":{"start":{"line":266,"column":13},"end":{"line":270,"column":20}},"type":"cond-expr","locations":[{"start":{"line":267,"column":14},"end":{"line":269,"column":21}},{"start":{"line":270,"column":16},"end":{"line":270,"column":20}}],"line":266},"25":{"loc":{"start":{"line":278,"column":2},"end":{"line":285,"column":3}},"type":"if","locations":[{"start":{"line":278,"column":2},"end":{"line":285,"column":3}},{"start":{},"end":{}}],"line":278},"26":{"loc":{"start":{"line":278,"column":6},"end":{"line":278,"column":29}},"type":"binary-expr","locations":[{"start":{"line":278,"column":6},"end":{"line":278,"column":15}},{"start":{"line":278,"column":19},"end":{"line":278,"column":29}}],"line":278},"27":{"loc":{"start":{"line":328,"column":10},"end":{"line":334,"column":18}},"type":"cond-expr","locations":[{"start":{"line":329,"column":12},"end":{"line":329,"column":79}},{"start":{"line":330,"column":14},"end":{"line":334,"column":18}}],"line":328},"28":{"loc":{"start":{"line":330,"column":14},"end":{"line":334,"column":18}},"type":"cond-expr","locations":[{"start":{"line":331,"column":12},"end":{"line":333,"column":19}},{"start":{"line":334,"column":14},"end":{"line":334,"column":18}}],"line":330}},"s":{"0":40,"1":1,"2":4,"3":0,"4":0,"5":1,"6":8,"7":8,"8":8,"9":8,"10":8,"11":8,"12":8,"13":8,"14":8,"15":8,"16":8,"17":8,"18":8,"19":8,"20":8,"21":8,"22":8,"23":4,"24":0,"25":4,"26":0,"27":4,"28":0,"29":0,"30":0,"31":4,"32":8,"33":4,"34":4,"35":4,"36":4,"37":4,"38":0,"39":0,"40":4,"41":0,"42":4,"43":4,"44":8,"45":4,"46":4,"47":8,"48":0,"49":0,"50":0,"51":8,"52":0,"53":0,"54":0,"55":0,"56":8,"57":0,"58":0,"59":8,"60":0,"61":8,"62":0,"63":0,"64":8,"65":3,"66":0,"67":8,"68":4,"69":4,"70":6},"f":{"0":40,"1":4,"2":0,"3":8,"4":8,"5":4,"6":4,"7":0,"8":4,"9":0,"10":0,"11":0,"12":0,"13":0,"14":0,"15":3,"16":0,"17":6},"b":{"0":[0,40],"1":[0,0],"2":[0,0],"3":[0,0],"4":[4,0],"5":[0,0],"6":[0,0],"7":[0,4],"8":[0,4],"9":[0,4],"10":[4,4,0],"11":[8,8],"12":[0,4],"13":[0,4],"14":[0,0,0,4,4],"15":[0,4],"16":[0,4],"17":[4,0],"18":[4,0],"19":[0,0],"20":[0,0],"21":[3,0],"22":[3,3],"23":[3,3],"24":[0,3],"25":[4,4],"26":[8,4],"27":[0,4],"28":[3,1]},"_coverageSchema":"1a1c01bbd47fc00a2c39e90264f33305004495a9","hash":"f7c725b6c114980694d200d770380041859c40e7"}
,"D:\\Nam_4_2025_2026\\Mobile\\BTL\\programming_mobile_e_learning_N23\\e-learning-frontend\\assets\\images\\teacher.png": {"path":"D:\\Nam_4_2025_2026\\Mobile\\BTL\\programming_mobile_e_learning_N23\\e-learning-frontend\\assets\\images\\teacher.png","statementMap":{"0":{"start":{"line":1,"column":0},"end":{"line":4,"column":6}}},"fnMap":{},"branchMap":{},"s":{"0":1},"f":{},"b":{},"_coverageSchema":"1a1c01bbd47fc00a2c39e90264f33305004495a9","hash":"0abbf27b4596a95fa04dc0a1ee0c19f844b641ac"}
,"D:\\Nam_4_2025_2026\\Mobile\\BTL\\programming_mobile_e_learning_N23\\e-learning-frontend\\components\\CategoryCard.tsx": {"path":"D:\\Nam_4_2025_2026\\Mobile\\BTL\\programming_mobile_e_learning_N23\\e-learning-frontend\\components\\CategoryCard.tsx","statementMap":{"0":{"start":{"line":12,"column":21},"end":{"line":27,"column":1}},"1":{"start":{"line":13,"column":2},"end":{"line":26,"column":4}}},"fnMap":{"0":{"name":"(anonymous_0)","decl":{"start":{"line":12,"column":21},"end":{"line":12,"column":22}},"loc":{"start":{"line":12,"column":76},"end":{"line":27,"column":1}},"line":12}},"branchMap":{},"s":{"0":2,"1":5},"f":{"0":5},"b":{},"_coverageSchema":"1a1c01bbd47fc00a2c39e90264f33305004495a9","hash":"6d5953dfe978074b30ca3485fe846d0fcd5ddd82"}
,"D:\\Nam_4_2025_2026\\Mobile\\BTL\\programming_mobile_e_learning_N23\\e-learning-frontend\\components\\CategoryListItem.tsx": {"path":"D:\\Nam_4_2025_2026\\Mobile\\BTL\\programming_mobile_e_learning_N23\\e-learning-frontend\\components\\CategoryListItem.tsx","statementMap":{"0":{"start":{"line":12,"column":25},"end":{"line":45,"column":1}},"1":{"start":{"line":14,"column":24},"end":{"line":16,"column":17}},"2":{"start":{"line":15,"column":6},"end":{"line":15,"column":16}},"3":{"start":{"line":18,"column":4},"end":{"line":43,"column":6}},"4":{"start":{"line":52,"column":0},"end":{"line":52,"column":50}}},"fnMap":{"0":{"name":"(anonymous_0)","decl":{"start":{"line":13,"column":2},"end":{"line":13,"column":3}},"loc":{"start":{"line":13,"column":57},"end":{"line":44,"column":3}},"line":13},"1":{"name":"(anonymous_1)","decl":{"start":{"line":14,"column":36},"end":{"line":14,"column":37}},"loc":{"start":{"line":14,"column":42},"end":{"line":16,"column":5}},"line":14}},"branchMap":{},"s":{"0":2,"1":4,"2":1,"3":4,"4":2},"f":{"0":4,"1":1},"b":{},"_coverageSchema":"1a1c01bbd47fc00a2c39e90264f33305004495a9","hash":"74849f4e1d661cc0baa5838b600cd4c70e5f3b24"}
,"D:\\Nam_4_2025_2026\\Mobile\\BTL\\programming_mobile_e_learning_N23\\e-learning-frontend\\components\\CourseProgressCard.tsx": {"path":"D:\\Nam_4_2025_2026\\Mobile\\BTL\\programming_mobile_e_learning_N23\\e-learning-frontend\\components\\CourseProgressCard.tsx","statementMap":{"0":{"start":{"line":14,"column":23},"end":{"line":14,"column":56}},"1":{"start":{"line":16,"column":27},"end":{"line":60,"column":1}},"2":{"start":{"line":23,"column":17},"end":{"line":23,"column":28}},"3":{"start":{"line":25,"column":2},"end":{"line":59,"column":4}},"4":{"start":{"line":28,"column":21},"end":{"line":28,"column":55}}},"fnMap":{"0":{"name":"(anonymous_0)","decl":{"start":{"line":16,"column":27},"end":{"line":16,"column":28}},"loc":{"start":{"line":22,"column":13},"end":{"line":60,"column":1}},"line":22},"1":{"name":"(anonymous_1)","decl":{"start":{"line":28,"column":15},"end":{"line":28,"column":16}},"loc":{"start":{"line":28,"column":21},"end":{"line":28,"column":55}},"line":28}},"branchMap":{"0":{"loc":{"start":{"line":21,"column":2},"end":{"line":21,"column":27}},"type":"default-arg","locations":[{"start":{"line":21,"column":13},"end":{"line":21,"column":27}}],"line":21}},"s":{"0":1,"1":1,"2":3,"3":3,"4":1},"f":{"0":3,"1":1},"b":{"0":[0]},"_coverageSchema":"1a1c01bbd47fc00a2c39e90264f33305004495a9","hash":"cda0836b9bdda28b236663f4e955f52f774a32d4"}
,"D:\\Nam_4_2025_2026\\Mobile\\BTL\\programming_mobile_e_learning_N23\\e-learning-frontend\\components\\CustomToast.tsx": {"path":"D:\\Nam_4_2025_2026\\Mobile\\BTL\\programming_mobile_e_learning_N23\\e-learning-frontend\\components\\CustomToast.tsx","statementMap":{"0":{"start":{"line":6,"column":28},"end":{"line":25,"column":1}},"1":{"start":{"line":7,"column":2},"end":{"line":24,"column":21}},"2":{"start":{"line":27,"column":26},"end":{"line":39,"column":1}},"3":{"start":{"line":28,"column":2},"end":{"line":38,"column":21}},"4":{"start":{"line":41,"column":25},"end":{"line":53,"column":1}},"5":{"start":{"line":42,"column":2},"end":{"line":52,"column":21}},"6":{"start":{"line":55,"column":27},"end":{"line":68,"column":1}},"7":{"start":{"line":60,"column":38},"end":{"line":60,"column":65}},"8":{"start":{"line":65,"column":36},"end":{"line":65,"column":61}},"9":{"start":{"line":67,"column":35},"end":{"line":67,"column":59}}},"fnMap":{"0":{"name":"(anonymous_0)","decl":{"start":{"line":6,"column":28},"end":{"line":6,"column":29}},"loc":{"start":{"line":7,"column":2},"end":{"line":24,"column":21}},"line":7},"1":{"name":"(anonymous_1)","decl":{"start":{"line":27,"column":26},"end":{"line":27,"column":27}},"loc":{"start":{"line":28,"column":2},"end":{"line":38,"column":21}},"line":28},"2":{"name":"(anonymous_2)","decl":{"start":{"line":41,"column":25},"end":{"line":41,"column":26}},"loc":{"start":{"line":42,"column":2},"end":{"line":52,"column":21}},"line":42},"3":{"name":"(anonymous_3)","decl":{"start":{"line":60,"column":11},"end":{"line":60,"column":12}},"loc":{"start":{"line":60,"column":38},"end":{"line":60,"column":65}},"line":60},"4":{"name":"(anonymous_4)","decl":{"start":{"line":65,"column":9},"end":{"line":65,"column":10}},"loc":{"start":{"line":65,"column":36},"end":{"line":65,"column":61}},"line":65},"5":{"name":"(anonymous_5)","decl":{"start":{"line":67,"column":8},"end":{"line":67,"column":9}},"loc":{"start":{"line":67,"column":35},"end":{"line":67,"column":59}},"line":67}},"branchMap":{"0":{"loc":{"start":{"line":21,"column":7},"end":{"line":21,"column":79}},"type":"binary-expr","locations":[{"start":{"line":21,"column":7},"end":{"line":21,"column":12}},{"start":{"line":21,"column":16},"end":{"line":21,"column":79}}],"line":21},"1":{"loc":{"start":{"line":22,"column":7},"end":{"line":22,"column":72}},"type":"binary-expr","locations":[{"start":{"line":22,"column":7},"end":{"line":22,"column":12}},{"start":{"line":22,"column":16},"end":{"line":22,"column":72}}],"line":22},"2":{"loc":{"start":{"line":35,"column":7},"end":{"line":35,"column":79}},"type":"binary-expr","locations":[{"start":{"line":35,"column":7},"end":{"line":35,"column":12}},{"start":{"line":35,"column":16},"end":{"line":35,"column":79}}],"line":35},"3":{"loc":{"start":{"line":36,"column":7},"end":{"line":36,"column":72}},"type":"binary-expr","locations":[{"start":{"line":36,"column":7},"end":{"line":36,"column":12}},{"start":{"line":36,"column":16},"end":{"line":36,"column":72}}],"line":36},"4":{"loc":{"start":{"line":49,"column":7},"end":{"line":49,"column":79}},"type":"binary-expr","locations":[{"start":{"line":49,"column":7},"end":{"line":49,"column":12}},{"start":{"line":49,"column":16},"end":{"line":49,"column":79}}],"line":49},"5":{"loc":{"start":{"line":50,"column":7},"end":{"line":50,"column":72}},"type":"binary-expr","locations":[{"start":{"line":50,"column":7},"end":{"line":50,"column":12}},{"start":{"line":50,"column":16},"end":{"line":50,"column":72}}],"line":50}},"s":{"0":1,"1":1,"2":1,"3":1,"4":1,"5":0,"6":1,"7":0,"8":0,"9":0},"f":{"0":1,"1":1,"2":0,"3":0,"4":0,"5":0},"b":{"0":[1,1],"1":[1,1],"2":[1,1],"3":[1,1],"4":[0,0],"5":[0,0]},"_coverageSchema":"1a1c01bbd47fc00a2c39e90264f33305004495a9","hash":"a3c4561775e489910e1793e2fc326b0ef97d1329"}
,"D:\\Nam_4_2025_2026\\Mobile\\BTL\\programming_mobile_e_learning_N23\\e-learning-frontend\\components\\EmptyState.tsx": {"path":"D:\\Nam_4_2025_2026\\Mobile\\BTL\\programming_mobile_e_learning_N23\\e-learning-frontend\\components\\EmptyState.tsx","statementMap":{"0":{"start":{"line":10,"column":19},"end":{"line":19,"column":1}},"1":{"start":{"line":11,"column":2},"end":{"line":18,"column":4}}},"fnMap":{"0":{"name":"(anonymous_0)","decl":{"start":{"line":10,"column":19},"end":{"line":10,"column":20}},"loc":{"start":{"line":10,"column":59},"end":{"line":19,"column":1}},"line":10}},"branchMap":{},"s":{"0":4,"1":6},"f":{"0":6},"b":{},"_coverageSchema":"1a1c01bbd47fc00a2c39e90264f33305004495a9","hash":"f891a49765e6a495cd2bf3752b733843cb439536"}
,"D:\\Nam_4_2025_2026\\Mobile\\BTL\\programming_mobile_e_learning_N23\\e-learning-frontend\\components\\Header.tsx": {"path":"D:\\Nam_4_2025_2026\\Mobile\\BTL\\programming_mobile_e_learning_N23\\e-learning-frontend\\components\\Header.tsx","statementMap":{"0":{"start":{"line":11,"column":15},"end":{"line":37,"column":1}},"1":{"start":{"line":12,"column":17},"end":{"line":12,"column":28}},"2":{"start":{"line":14,"column":2},"end":{"line":36,"column":4}},"3":{"start":{"line":18,"column":41},"end":{"line":18,"column":54}},"4":{"start":{"line":31,"column":23},"end":{"line":31,"column":51}}},"fnMap":{"0":{"name":"(anonymous_0)","decl":{"start":{"line":11,"column":15},"end":{"line":11,"column":16}},"loc":{"start":{"line":11,"column":67},"end":{"line":37,"column":1}},"line":11},"1":{"name":"(anonymous_1)","decl":{"start":{"line":18,"column":35},"end":{"line":18,"column":36}},"loc":{"start":{"line":18,"column":41},"end":{"line":18,"column":54}},"line":18},"2":{"name":"(anonymous_2)","decl":{"start":{"line":31,"column":17},"end":{"line":31,"column":18}},"loc":{"start":{"line":31,"column":23},"end":{"line":31,"column":51}},"line":31}},"branchMap":{"0":{"loc":{"start":{"line":11,"column":25},"end":{"line":11,"column":47}},"type":"default-arg","locations":[{"start":{"line":11,"column":42},"end":{"line":11,"column":47}}],"line":11},"1":{"loc":{"start":{"line":17,"column":7},"end":{"line":23,"column":7}},"type":"cond-expr","locations":[{"start":{"line":18,"column":8},"end":{"line":20,"column":27}},{"start":{"line":22,"column":8},"end":{"line":22,"column":32}}],"line":17}},"s":{"0":2,"1":6,"2":6,"3":0,"4":0},"f":{"0":6,"1":0,"2":0},"b":{"0":[1],"1":[5,1]},"_coverageSchema":"1a1c01bbd47fc00a2c39e90264f33305004495a9","hash":"f5e7cf925589a193f90dbe345f20170cd62fb5db"}
,"D:\\Nam_4_2025_2026\\Mobile\\BTL\\programming_mobile_e_learning_N23\\e-learning-frontend\\components\\SavedCourseCard.tsx": {"path":"D:\\Nam_4_2025_2026\\Mobile\\BTL\\programming_mobile_e_learning_N23\\e-learning-frontend\\components\\SavedCourseCard.tsx","statementMap":{"0":{"start":{"line":18,"column":23},"end":{"line":18,"column":60}},"1":{"start":{"line":20,"column":24},"end":{"line":94,"column":1}},"2":{"start":{"line":31,"column":19},"end":{"line":31,"column":30}},"3":{"start":{"line":32,"column":47},"end":{"line":32,"column":70}},"4":{"start":{"line":33,"column":20},"end":{"line":33,"column":45}},"5":{"start":{"line":36,"column":24},"end":{"line":38,"column":20}},"6":{"start":{"line":37,"column":6},"end":{"line":37,"column":35}},"7":{"start":{"line":41,"column":4},"end":{"line":92,"column":6}},"8":{"start":{"line":81,"column":27},"end":{"line":81,"column":47}},"9":{"start":{"line":101,"column":0},"end":{"line":101,"column":48}}},"fnMap":{"0":{"name":"(anonymous_0)","decl":{"start":{"line":21,"column":2},"end":{"line":21,"column":3}},"loc":{"start":{"line":30,"column":30},"end":{"line":93,"column":3}},"line":30},"1":{"name":"(anonymous_1)","decl":{"start":{"line":36,"column":36},"end":{"line":36,"column":37}},"loc":{"start":{"line":36,"column":42},"end":{"line":38,"column":5}},"line":36},"2":{"name":"(anonymous_2)","decl":{"start":{"line":81,"column":21},"end":{"line":81,"column":22}},"loc":{"start":{"line":81,"column":27},"end":{"line":81,"column":47}},"line":81}},"branchMap":{"0":{"loc":{"start":{"line":29,"column":4},"end":{"line":29,"column":29}},"type":"default-arg","locations":[{"start":{"line":29,"column":15},"end":{"line":29,"column":29}}],"line":29},"1":{"loc":{"start":{"line":71,"column":17},"end":{"line":71,"column":44}},"type":"binary-expr","locations":[{"start":{"line":71,"column":17},"end":{"line":71,"column":35}},{"start":{"line":71,"column":39},"end":{"line":71,"column":44}}],"line":71},"2":{"loc":{"start":{"line":85,"column":20},"end":{"line":85,"column":61}},"type":"cond-expr","locations":[{"start":{"line":85,"column":30},"end":{"line":85,"column":40}},{"start":{"line":85,"column":43},"end":{"line":85,"column":61}}],"line":85},"3":{"loc":{"start":{"line":87,"column":21},"end":{"line":87,"column":49}},"type":"cond-expr","locations":[{"start":{"line":87,"column":31},"end":{"line":87,"column":40}},{"start":{"line":87,"column":43},"end":{"line":87,"column":49}}],"line":87}},"s":{"0":2,"1":2,"2":3,"3":3,"4":3,"5":3,"6":0,"7":3,"8":0,"9":2},"f":{"0":3,"1":0,"2":0},"b":{"0":[0],"1":[3,0],"2":[1,2],"3":[1,2]},"_coverageSchema":"1a1c01bbd47fc00a2c39e90264f33305004495a9","hash":"afdd6016474cfb37628ab27425471756ef79e899"}
,"D:\\Nam_4_2025_2026\\Mobile\\BTL\\programming_mobile_e_learning_N23\\e-learning-frontend\\components\\SkeletonLoader.tsx": {"path":"D:\\Nam_4_2025_2026\\Mobile\\BTL\\programming_mobile_e_learning_N23\\e-learning-frontend\\components\\SkeletonLoader.tsx","statementMap":{"0":{"start":{"line":4,"column":23},"end":{"line":19,"column":1}},"1":{"start":{"line":13,"column":2},"end":{"line":18,"column":4}}},"fnMap":{"0":{"name":"(anonymous_0)","decl":{"start":{"line":4,"column":23},"end":{"line":4,"column":24}},"loc":{"start":{"line":12,"column":6},"end":{"line":19,"column":1}},"line":12}},"branchMap":{},"s":{"0":2,"1":1},"f":{"0":1},"b":{},"_coverageSchema":"1a1c01bbd47fc00a2c39e90264f33305004495a9","hash":"dc749e2d02e47879b9719793bf7c9327392fac09"}
,"D:\\Nam_4_2025_2026\\Mobile\\BTL\\programming_mobile_e_learning_N23\\e-learning-frontend\\components\\TeacherCard.tsx": {"path":"D:\\Nam_4_2025_2026\\Mobile\\BTL\\programming_mobile_e_learning_N23\\e-learning-frontend\\components\\TeacherCard.tsx","statementMap":{"0":{"start":{"line":14,"column":20},"end":{"line":36,"column":1}},"1":{"start":{"line":15,"column":17},"end":{"line":15,"column":28}},"2":{"start":{"line":17,"column":2},"end":{"line":35,"column":4}},"3":{"start":{"line":21,"column":21},"end":{"line":21,"column":50}}},"fnMap":{"0":{"name":"(anonymous_0)","decl":{"start":{"line":14,"column":20},"end":{"line":14,"column":21}},"loc":{"start":{"line":14,"column":73},"end":{"line":36,"column":1}},"line":14},"1":{"name":"(anonymous_1)","decl":{"start":{"line":21,"column":15},"end":{"line":21,"column":16}},"loc":{"start":{"line":21,"column":21},"end":{"line":21,"column":50}},"line":21}},"branchMap":{},"s":{"0":2,"1":3,"2":3,"3":1},"f":{"0":3,"1":1},"b":{},"_coverageSchema":"1a1c01bbd47fc00a2c39e90264f33305004495a9","hash":"10502eafad261c617741008daf8128e62c6abf1f"}
,"D:\\Nam_4_2025_2026\\Mobile\\BTL\\programming_mobile_e_learning_N23\\e-learning-frontend\\components\\learning\\LessonsTab.tsx": {"path":"D:\\Nam_4_2025_2026\\Mobile\\BTL\\programming_mobile_e_learning_N23\\e-learning-frontend\\components\\learning\\LessonsTab.tsx","statementMap":{"0":{"start":{"line":11,"column":19},"end":{"line":54,"column":1}},"1":{"start":{"line":15,"column":2},"end":{"line":53,"column":4}},"2":{"start":{"line":18,"column":27},"end":{"line":18,"column":58}},"3":{"start":{"line":19,"column":8},"end":{"line":50,"column":10}},"4":{"start":{"line":22,"column":27},"end":{"line":22,"column":49}}},"fnMap":{"0":{"name":"(anonymous_0)","decl":{"start":{"line":11,"column":19},"end":{"line":11,"column":20}},"loc":{"start":{"line":11,"column":77},"end":{"line":54,"column":1}},"line":11},"1":{"name":"(anonymous_1)","decl":{"start":{"line":17,"column":19},"end":{"line":17,"column":20}},"loc":{"start":{"line":17,"column":38},"end":{"line":51,"column":7}},"line":17},"2":{"name":"(anonymous_2)","decl":{"start":{"line":22,"column":21},"end":{"line":22,"column":22}},"loc":{"start":{"line":22,"column":27},"end":{"line":22,"column":49}},"line":22}},"branchMap":{"0":{"loc":{"start":{"line":24,"column":14},"end":{"line":26,"column":46}},"type":"cond-expr","locations":[{"start":{"line":25,"column":18},"end":{"line":25,"column":49}},{"start":{"line":26,"column":18},"end":{"line":26,"column":46}}],"line":24},"1":{"loc":{"start":{"line":30,"column":43},"end":{"line":30,"column":90}},"type":"cond-expr","locations":[{"start":{"line":30,"column":56},"end":{"line":30,"column":72}},{"start":{"line":30,"column":75},"end":{"line":30,"column":90}}],"line":30},"2":{"loc":{"start":{"line":36,"column":54},"end":{"line":36,"column":101}},"type":"cond-expr","locations":[{"start":{"line":36,"column":67},"end":{"line":36,"column":83}},{"start":{"line":36,"column":86},"end":{"line":36,"column":101}}],"line":36},"3":{"loc":{"start":{"line":45,"column":20},"end":{"line":45,"column":70}},"type":"cond-expr","locations":[{"start":{"line":45,"column":33},"end":{"line":45,"column":46}},{"start":{"line":45,"column":49},"end":{"line":45,"column":70}}],"line":45},"4":{"loc":{"start":{"line":47,"column":21},"end":{"line":47,"column":52}},"type":"cond-expr","locations":[{"start":{"line":47,"column":34},"end":{"line":47,"column":43}},{"start":{"line":47,"column":46},"end":{"line":47,"column":52}}],"line":47}},"s":{"0":1,"1":3,"2":9,"3":9,"4":0},"f":{"0":3,"1":9,"2":0},"b":{"0":[3,6],"1":[3,6],"2":[3,6],"3":[3,6],"4":[3,6]},"_coverageSchema":"1a1c01bbd47fc00a2c39e90264f33305004495a9","hash":"a69c11b40ecf339379b17fdcfa946738e71cd9b4"}
,"D:\\Nam_4_2025_2026\\Mobile\\BTL\\programming_mobile_e_learning_N23\\e-learning-frontend\\components\\learning\\ProjectsTab.tsx": {"path":"D:\\Nam_4_2025_2026\\Mobile\\BTL\\programming_mobile_e_learning_N23\\e-learning-frontend\\components\\learning\\ProjectsTab.tsx","statementMap":{"0":{"start":{"line":21,"column":20},"end":{"line":100,"column":1}},"1":{"start":{"line":22,"column":34},"end":{"line":22,"column":57}},"2":{"start":{"line":23,"column":36},"end":{"line":23,"column":50}},"3":{"start":{"line":25,"column":2},"end":{"line":37,"column":17}},"4":{"start":{"line":26,"column":26},"end":{"line":35,"column":5}},"5":{"start":{"line":27,"column":6},"end":{"line":34,"column":7}},"6":{"start":{"line":28,"column":25},"end":{"line":28,"column":63}},"7":{"start":{"line":29,"column":8},"end":{"line":29,"column":35}},"8":{"start":{"line":31,"column":8},"end":{"line":31,"column":58}},"9":{"start":{"line":33,"column":8},"end":{"line":33,"column":28}},"10":{"start":{"line":36,"column":4},"end":{"line":36,"column":20}},"11":{"start":{"line":39,"column":30},"end":{"line":46,"column":3}},"12":{"start":{"line":41,"column":4},"end":{"line":45,"column":7}},"13":{"start":{"line":48,"column":2},"end":{"line":50,"column":3}},"14":{"start":{"line":49,"column":4},"end":{"line":49,"column":64}},"15":{"start":{"line":52,"column":2},"end":{"line":99,"column":4}},"16":{"start":{"line":56,"column":32},"end":{"line":56,"column":40}},"17":{"start":{"line":58,"column":10},"end":{"line":74,"column":17}}},"fnMap":{"0":{"name":"(anonymous_0)","decl":{"start":{"line":21,"column":20},"end":{"line":21,"column":21}},"loc":{"start":{"line":21,"column":60},"end":{"line":100,"column":1}},"line":21},"1":{"name":"(anonymous_1)","decl":{"start":{"line":25,"column":12},"end":{"line":25,"column":13}},"loc":{"start":{"line":25,"column":18},"end":{"line":37,"column":3}},"line":25},"2":{"name":"(anonymous_2)","decl":{"start":{"line":26,"column":26},"end":{"line":26,"column":27}},"loc":{"start":{"line":26,"column":38},"end":{"line":35,"column":5}},"line":26},"3":{"name":"(anonymous_3)","decl":{"start":{"line":39,"column":30},"end":{"line":39,"column":31}},"loc":{"start":{"line":39,"column":36},"end":{"line":46,"column":3}},"line":39},"4":{"name":"(anonymous_4)","decl":{"start":{"line":56,"column":22},"end":{"line":56,"column":23}},"loc":{"start":{"line":56,"column":32},"end":{"line":56,"column":40}},"line":56},"5":{"name":"(anonymous_5)","decl":{"start":{"line":57,"column":20},"end":{"line":57,"column":21}},"loc":{"start":{"line":58,"column":10},"end":{"line":74,"column":17}},"line":58}},"branchMap":{"0":{"loc":{"start":{"line":48,"column":2},"end":{"line":50,"column":3}},"type":"if","locations":[{"start":{"line":48,"column":2},"end":{"line":50,"column":3}},{"start":{},"end":{}}],"line":48}},"s":{"0":1,"1":6,"2":6,"3":6,"4":3,"5":3,"6":3,"7":3,"8":0,"9":3,"10":3,"11":6,"12":0,"13":6,"14":3,"15":3,"16":6,"17":4},"f":{"0":6,"1":3,"2":3,"3":0,"4":6,"5":4},"b":{"0":[3,3]},"_coverageSchema":"1a1c01bbd47fc00a2c39e90264f33305004495a9","hash":"dfd41d3699804fc9900212f99c92caf4a6c0e8ff"}
[...]
,"D:\\Nam_4_2025_2026\\Mobile\\BTL\\programming_mobile_e_learning_N23\\e-learning-frontend\\context\\AuthContext.tsx": {"path":"D:\\Nam_4_2025_2026\\Mobile\\BTL\\programming_mobile_e_learning_N23\\e-learning-frontend\\context\\AuthContext.tsx","statementMap":{"0":{"start":{"line":53,"column":27},"end":{"line":55,"column":1}},"1":{"start":{"line":57,"column":28},"end":{"line":257,"column":1}},"2":{"start":{"line":58,"column":36},"end":{"line":58,"column":50}},"3":{"start":{"line":59,"column":36},"end":{"line":59,"column":65}},"4":{"start":{"line":60,"column":34},"end":{"line":60,"column":65}},"5":{"start":{"line":61,"column":40},"end":{"line":61,"column":66}},"6":{"start":{"line":62,"column":42},"end":{"line":62,"column":64}},"7":{"start":{"line":63,"column":26},"end":{"line":63,"column":54}},"8":{"start":{"line":65,"column":16},"end":{"line":81,"column":3}},"9":{"start":{"line":66,"column":4},"end":{"line":80,"column":5}},"10":{"start":{"line":67,"column":23},"end":{"line":67,"column":73}},"11":{"start":{"line":68,"column":37},"end":{"line":68,"column":50}},"12":{"start":{"line":70,"column":6},"end":{"line":70,"column":26}},"13":{"start":{"line":71,"column":6},"end":{"line":71,"column":28}},"14":{"start":{"line":72,"column":6},"end":{"line":72,"column":71}},"15":{"start":{"line":73,"column":6},"end":{"line":73,"column":57}},"16":{"start":{"line":74,"column":6},"end":{"line":74,"column":75}},"17":{"start":{"line":76,"column":6},"end":{"line":76,"column":76}},"18":{"start":{"line":78,"column":6},"end":{"line":78,"column":43}},"19":{"start":{"line":79,"column":6},"end":{"line":79,"column":62}},"20":{"start":{"line":83,"column":19},"end":{"line":103,"column":3}},"21":{"start":{"line":84,"column":4},"end":{"line":102,"column":5}},"22":{"start":{"line":85,"column":23},"end":{"line":89,"column":8}},"23":{"start":{"line":90,"column":37},"end":{"line":90,"column":50}},"24":{"start":{"line":92,"column":6},"end":{"line":92,"column":26}},"25":{"start":{"line":93,"column":6},"end":{"line":93,"column":28}},"26":{"start":{"line":94,"column":6},"end":{"line":94,"column":71}},"27":{"start":{"line":95,"column":6},"end":{"line":95,"column":57}},"28":{"start":{"line":96,"column":6},"end":{"line":96,"column":75}},"29":{"start":{"line":99,"column":8},"end":{"line":99,"column":78}},"30":{"start":{"line":100,"column":6},"end":{"line":100,"column":53}},"31":{"start":{"line":101,"column":6},"end":{"line":101,"column":36}},"32":{"start":{"line":105,"column":17},"end":{"line":114,"column":3}},"33":{"start":{"line":106,"column":4},"end":{"line":106,"column":23}},"34":{"start":{"line":107,"column":4},"end":{"line":107,"column":22}},"35":{"start":{"line":108,"column":4},"end":{"line":108,"column":23}},"36":{"start":{"line":109,"column":4},"end":{"line":109,"column":24}},"37":{"start":{"line":110,"column":4},"end":{"line":110,"column":16}},"38":{"start":{"line":111,"column":4},"end":{"line":111,"column":56}},"39":{"start":{"line":112,"column":4},"end":{"line":112,"column":51}},"40":{"start":{"line":113,"column":4},"end":{"line":113,"column":50}},"41":{"start":{"line":116,"column":21},"end":{"line":133,"column":3}},"42":{"start":{"line":117,"column":4},"end":{"line":132,"column":5}},"43":{"start":{"line":118,"column":20},"end":{"line":118,"column":63}},"44":{"start":{"line":119,"column":29},"end":{"line":119,"column":71}},"45":{"start":{"line":121,"column":6},"end":{"line":127,"column":7}},"46":{"start":{"line":122,"column":8},"end":{"line":122,"column":28}},"47":{"start":{"line":123,"column":8},"end":{"line":123,"column":48}},"48":{"start":{"line":124,"column":8},"end":{"line":124,"column":73}},"49":{"start":{"line":126,"column":8},"end":{"line":126,"column":61}},"50":{"start":{"line":129,"column":6},"end":{"line":129,"column":45}},"51":{"start":{"line":131,"column":6},"end":{"line":131,"column":26}},"52":{"start":{"line":135,"column":27},"end":{"line":142,"column":3}},"53":{"start":{"line":136,"column":4},"end":{"line":141,"column":5}},"54":{"start":{"line":137,"column":23},"end":{"line":137,"column":63}},"55":{"start":{"line":138,"column":6},"end":{"line":138,"column":36}},"56":{"start":{"line":140,"column":6},"end":{"line":140,"column":59}},"57":{"start":{"line":144,"column":25},"end":{"line":147,"column":3}},"58":{"start":{"line":145,"column":4},"end":{"line":145,"column":29}},"59":{"start":{"line":146,"column":4},"end":{"line":146,"column":76}},"60":{"start":{"line":149,"column":24},"end":{"line":158,"column":3}},"61":{"start":{"line":150,"column":4},"end":{"line":157,"column":5}},"62":{"start":{"line":151,"column":23},"end":{"line":151,"column":48}},"63":{"start":{"line":152,"column":6},"end":{"line":152,"column":33}},"64":{"start":{"line":153,"column":6},"end":{"line":153,"column":56}},"65":{"start":{"line":154,"column":6},"end":{"line":154,"column":80}},"66":{"start":{"line":156,"column":6},"end":{"line":156,"column":57}},"67":{"start":{"line":160,"column":27},"end":{"line":175,"column":3}},"68":{"start":{"line":161,"column":4},"end":{"line":174,"column":5}},"69":{"start":{"line":162,"column":6},"end":{"line":162,"column":56}},"70":{"start":{"line":163,"column":6},"end":{"line":163,"column":28}},"71":{"start":{"line":165,"column":6},"end":{"line":168,"column":9}},"72":{"start":{"line":170,"column":6},"end":{"line":173,"column":9}},"73":{"start":{"line":177,"column":20},"end":{"line":185,"column":3}},"74":{"start":{"line":178,"column":4},"end":{"line":184,"column":5}},"75":{"start":{"line":179,"column":23},"end":{"line":179,"column":51}},"76":{"start":{"line":180,"column":6},"end":{"line":180,"column":29}},"77":{"start":{"line":182,"column":6},"end":{"line":182,"column":52}},"78":{"start":{"line":183,"column":6},"end":{"line":183,"column":18}},"79":{"start":{"line":187,"column":20},"end":{"line":203,"column":3}},"80":{"start":{"line":188,"column":4},"end":{"line":202,"column":5}},"81":{"start":{"line":189,"column":6},"end":{"line":189,"column":50}},"82":{"start":{"line":190,"column":6},"end":{"line":190,"column":24}},"83":{"start":{"line":191,"column":6},"end":{"line":194,"column":9}},"84":{"start":{"line":196,"column":6},"end":{"line":196,"column":49}},"85":{"start":{"line":197,"column":6},"end":{"line":200,"column":9}},"86":{"start":{"line":201,"column":6},"end":{"line":201,"column":18}},"87":{"start":{"line":205,"column":25},"end":{"line":221,"column":3}},"88":{"start":{"line":206,"column":4},"end":{"line":220,"column":5}},"89":{"start":{"line":207,"column":6},"end":{"line":207,"column":50}},"90":{"start":{"line":208,"column":6},"end":{"line":208,"column":24}},"91":{"start":{"line":209,"column":6},"end":{"line":212,"column":9}},"92":{"start":{"line":214,"column":6},"end":{"line":214,"column":54}},"93":{"start":{"line":215,"column":6},"end":{"line":218,"column":9}},"94":{"start":{"line":219,"column":6},"end":{"line":219,"column":18}},"95":{"start":{"line":223,"column":20},"end":{"line":225,"column":3}},"96":{"start":{"line":224,"column":4},"end":{"line":224,"column":16}},"97":{"start":{"line":227,"column":2},"end":{"line":229,"column":9}},"98":{"start":{"line":228,"column":4},"end":{"line":228,"column":17}},"99":{"start":{"line":231,"column":23},"end":{"line":252,"column":3}},"100":{"start":{"line":232,"column":11},"end":{"line":250,"column":5}},"101":{"start":{"line":254,"column":2},"end":{"line":256,"column":4}},"102":{"start":{"line":260,"column":23},"end":{"line":266,"column":1}},"103":{"start":{"line":261,"column":18},"end":{"line":261,"column":47}},"104":{"start":{"line":262,"column":2},"end":{"line":264,"column":3}},"105":{"start":{"line":263,"column":4},"end":{"line":263,"column":67}},"106":{"start":{"line":265,"column":2},"end":{"line":265,"column":17}}},"fnMap":{"0":{"name":"(anonymous_0)","decl":{"start":{"line":57,"column":28},"end":{"line":57,"column":29}},"loc":{"start":{"line":57,"column":71},"end":{"line":257,"column":1}},"line":57},"1":{"name":"(anonymous_1)","decl":{"start":{"line":65,"column":16},"end":{"line":65,"column":17}},"loc":{"start":{"line":65,"column":59},"end":{"line":81,"column":3}},"line":65},"2":{"name":"(anonymous_2)","decl":{"start":{"line":83,"column":19},"end":{"line":83,"column":20}},"loc":{"start":{"line":83,"column":76},"end":{"line":103,"column":3}},"line":83},"3":{"name":"(anonymous_3)","decl":{"start":{"line":105,"column":17},"end":{"line":105,"column":18}},"loc":{"start":{"line":105,"column":29},"end":{"line":114,"column":3}},"line":105},"4":{"name":"(anonymous_4)","decl":{"start":{"line":116,"column":21},"end":{"line":116,"column":22}},"loc":{"start":{"line":116,"column":33},"end":{"line":133,"column":3}},"line":116},"5":{"name":"(anonymous_5)","decl":{"start":{"line":135,"column":27},"end":{"line":135,"column":28}},"loc":{"start":{"line":135,"column":39},"end":{"line":142,"column":3}},"line":135},"6":{"name":"(anonymous_6)","decl":{"start":{"line":144,"column":25},"end":{"line":144,"column":26}},"loc":{"start":{"line":144,"column":58},"end":{"line":147,"column":3}},"line":144},"7":{"name":"(anonymous_7)","decl":{"start":{"line":149,"column":24},"end":{"line":149,"column":25}},"loc":{"start":{"line":149,"column":36},"end":{"line":158,"column":3}},"line":149},"8":{"name":"(anonymous_8)","decl":{"start":{"line":160,"column":27},"end":{"line":160,"column":28}},"loc":{"start":{"line":160,"column":55},"end":{"line":175,"column":3}},"line":160},"9":{"name":"(anonymous_9)","decl":{"start":{"line":177,"column":20},"end":{"line":177,"column":21}},"loc":{"start":{"line":177,"column":32},"end":{"line":185,"column":3}},"line":177},"10":{"name":"(anonymous_10)","decl":{"start":{"line":187,"column":20},"end":{"line":187,"column":21}},"loc":{"start":{"line":187,"column":48},"end":{"line":203,"column":3}},"line":187},"11":{"name":"(anonymous_11)","decl":{"start":{"line":205,"column":25},"end":{"line":205,"column":26}},"loc":{"start":{"line":205,"column":53},"end":{"line":221,"column":3}},"line":205},"12":{"name":"(anonymous_12)","decl":{"start":{"line":223,"column":20},"end":{"line":223,"column":21}},"loc":{"start":{"line":223,"column":26},"end":{"line":225,"column":3}},"line":223},"13":{"name":"(anonymous_13)","decl":{"start":{"line":227,"column":12},"end":{"line":227,"column":13}},"loc":{"start":{"line":227,"column":18},"end":{"line":229,"column":3}},"line":227},"14":{"name":"(anonymous_14)","decl":{"start":{"line":232,"column":4},"end":{"line":232,"column":5}},"loc":{"start":{"line":232,"column":11},"end":{"line":250,"column":5}},"line":232},"15":{"name":"(anonymous_15)","decl":{"start":{"line":260,"column":23},"end":{"line":260,"column":24}},"loc":{"start":{"line":260,"column":29},"end":{"line":266,"column":1}},"line":260}},"branchMap":{"0":{"loc":{"start":{"line":99,"column":8},"end":{"line":99,"column":78}},"type":"binary-expr","locations":[{"start":{"line":99,"column":8},"end":{"line":99,"column":37}},{"start":{"line":99,"column":41},"end":{"line":99,"column":78}}],"line":99},"1":{"loc":{"start":{"line":121,"column":6},"end":{"line":127,"column":7}},"type":"if","locations":[{"start":{"line":121,"column":6},"end":{"line":127,"column":7}},{"start":{},"end":{}}],"line":121},"2":{"loc":{"start":{"line":121,"column":10},"end":{"line":121,"column":33}},"type":"binary-expr","locations":[{"start":{"line":121,"column":10},"end":{"line":121,"column":15}},{"start":{"line":121,"column":19},"end":{"line":121,"column":33}}],"line":121},"3":{"loc":{"start":{"line":153,"column":22},"end":{"line":153,"column":54}},"type":"binary-expr","locations":[{"start":{"line":153,"column":22},"end":{"line":153,"column":48}},{"start":{"line":153,"column":52},"end":{"line":153,"column":54}}],"line":153},"4":{"loc":{"start":{"line":198,"column":14},"end":{"line":198,"column":63}},"type":"cond-expr","locations":[{"start":{"line":198,"column":47},"end":{"line":198,"column":53}},{"start":{"line":198,"column":56},"end":{"line":198,"column":63}}],"line":198},"5":{"loc":{"start":{"line":199,"column":15},"end":{"line":199,"column":70}},"type":"binary-expr","locations":[{"start":{"line":199,"column":15},"end":{"line":199,"column":44}},{"start":{"line":199,"column":48},"end":{"line":199,"column":70}}],"line":199},"6":{"loc":{"start":{"line":217,"column":15},"end":{"line":217,"column":61}},"type":"binary-expr","locations":[{"start":{"line":217,"column":15},"end":{"line":217,"column":44}},{"start":{"line":217,"column":48},"end":{"line":217,"column":61}}],"line":217},"7":{"loc":{"start":{"line":262,"column":2},"end":{"line":264,"column":3}},"type":"if","locations":[{"start":{"line":262,"column":2},"end":{"line":264,"column":3}},{"start":{},"end":{}}],"line":262}},"s":{"0":6,"1":6,"2":24,"3":24,"4":24,"5":24,"6":24,"7":24,"8":24,"9":6,"10":6,"11":4,"12":4,"13":4,"14":4,"15":4,"16":4,"17":4,"18":2,"19":2,"20":24,"21":1,"22":1,"23":1,"24":1,"25":1,"26":1,"27":1,"28":1,"29":0,"30":0,"31":0,"32":24,"33":2,"34":2,"35":2,"36":2,"37":2,"38":2,"39":2,"40":2,"41":24,"42":9,"43":9,"44":9,"45":9,"46":0,"47":0,"48":0,"49":0,"50":0,"51":9,"52":24,"53":4,"54":4,"55":4,"56":0,"57":24,"58":0,"59":0,"60":24,"61":4,"62":4,"63":4,"64":4,"65":4,"66":0,"67":24,"68":0,"69":0,"70":0,"71":0,"72":0,"73":24,"74":4,"75":4,"76":4,"77":0,"78":0,"79":24,"80":0,"81":0,"82":0,"83":0,"84":0,"85":0,"86":0,"87":24,"88":0,"89":0,"90":0,"91":0,"92":0,"93":0,"94":0,"95":24,"96":0,"97":24,"98":9,"99":24,"100":24,"101":24,"102":6,"103":13,"104":13,"105":0,"106":13},"f":{"0":24,"1":6,"2":1,"3":2,"4":9,"5":4,"6":0,"7":4,"8":0,"9":4,"10":0,"11":0,"12":0,"13":9,"14":24,"15":13},"b":{"0":[0,0],"1":[0,9],"2":[9,0],"3":[4,2],"4":[0,0],"5":[0,0],"6":[0,0],"7":[0,13]},"_coverageSchema":"1a1c01bbd47fc00a2c39e90264f33305004495a9","hash":"a01d9f69308ffcd762523b41793845375f8b346a"}
,"D:\\Nam_4_2025_2026\\Mobile\\BTL\\programming_mobile_e_learning_N23\\e-learning-frontend\\hooks\\useFetchData.ts": {"path":"D:\\Nam_4_2025_2026\\Mobile\\BTL\\programming_mobile_e_learning_N23\\e-learning-frontend\\hooks\\useFetchData.ts","statementMap":{"0":{"start":{"line":5,"column":28},"end":{"line":46,"column":1}},"1":{"start":{"line":6,"column":26},"end":{"line":6,"column":45}},"2":{"start":{"line":7,"column":36},"end":{"line":7,"column":50}},"3":{"start":{"line":8,"column":42},"end":{"line":8,"column":57}},"4":{"start":{"line":11,"column":23},"end":{"line":11,"column":76}},"5":{"start":{"line":11,"column":37},"end":{"line":11,"column":62}},"6":{"start":{"line":13,"column":20},"end":{"line":34,"column":20}},"7":{"start":{"line":14,"column":4},"end":{"line":33,"column":5}},"8":{"start":{"line":15,"column":28},"end":{"line":15,"column":52}},"9":{"start":{"line":16,"column":24},"end":{"line":18,"column":7}},"10":{"start":{"line":17,"column":48},"end":{"line":17,"column":65}},"11":{"start":{"line":19,"column":28},"end":{"line":19,"column":60}},"12":{"start":{"line":19,"column":51},"end":{"line":19,"column":59}},"13":{"start":{"line":20,"column":6},"end":{"line":20,"column":29}},"14":{"start":{"line":22,"column":6},"end":{"line":26,"column":9}},"15":{"start":{"line":27,"column":6},"end":{"line":29,"column":7}},"16":{"start":{"line":28,"column":8},"end":{"line":28,"column":50}},"17":{"start":{"line":31,"column":6},"end":{"line":31,"column":26}},"18":{"start":{"line":32,"column":6},"end":{"line":32,"column":29}},"19":{"start":{"line":36,"column":2},"end":{"line":38,"column":18}},"20":{"start":{"line":37,"column":4},"end":{"line":37,"column":16}},"21":{"start":{"line":40,"column":20},"end":{"line":43,"column":17}},"22":{"start":{"line":41,"column":4},"end":{"line":41,"column":26}},"23":{"start":{"line":42,"column":4},"end":{"line":42,"column":16}},"24":{"start":{"line":45,"column":2},"end":{"line":45,"column":54}}},"fnMap":{"0":{"name":"(anonymous_0)","decl":{"start":{"line":5,"column":28},"end":{"line":5,"column":29}},"loc":{"start":{"line":5,"column":53},"end":{"line":46,"column":1}},"line":5},"1":{"name":"(anonymous_1)","decl":{"start":{"line":11,"column":31},"end":{"line":11,"column":32}},"loc":{"start":{"line":11,"column":37},"end":{"line":11,"column":62}},"line":11},"2":{"name":"(anonymous_2)","decl":{"start":{"line":13,"column":32},"end":{"line":13,"column":33}},"loc":{"start":{"line":13,"column":44},"end":{"line":34,"column":3}},"line":13},"3":{"name":"(anonymous_3)","decl":{"start":{"line":17,"column":26},"end":{"line":17,"column":27}},"loc":{"start":{"line":17,"column":48},"end":{"line":17,"column":65}},"line":17},"4":{"name":"(anonymous_4)","decl":{"start":{"line":19,"column":42},"end":{"line":19,"column":43}},"loc":{"start":{"line":19,"column":51},"end":{"line":19,"column":59}},"line":19},"5":{"name":"(anonymous_5)","decl":{"start":{"line":36,"column":12},"end":{"line":36,"column":13}},"loc":{"start":{"line":36,"column":18},"end":{"line":38,"column":3}},"line":36},"6":{"name":"(anonymous_6)","decl":{"start":{"line":40,"column":32},"end":{"line":40,"column":33}},"loc":{"start":{"line":40,"column":38},"end":{"line":43,"column":3}},"line":40}},"branchMap":{"0":{"loc":{"start":{"line":27,"column":6},"end":{"line":29,"column":7}},"type":"if","locations":[{"start":{"line":27,"column":6},"end":{"line":29,"column":7}},{"start":{},"end":{}}],"line":27}},"s":{"0":2,"1":22,"2":22,"3":22,"4":22,"5":22,"6":22,"7":11,"8":11,"9":11,"10":32,"11":10,"12":31,"13":10,"14":1,"15":1,"16":1,"17":11,"18":11,"19":22,"20":10,"21":22,"22":1,"23":1,"24":22},"f":{"0":22,"1":22,"2":11,"3":32,"4":31,"5":10,"6":1},"b":{"0":[1,0]},"_coverageSchema":"1a1c01bbd47fc00a2c39e90264f33305004495a9","hash":"665a2eea6f5eb0da407f7bb341e37de13e65e22e"}
,"D:\\Nam_4_2025_2026\\Mobile\\BTL\\programming_mobile_e_learning_N23\\e-learning-frontend\\utils\\formatDuration.ts": {"path":"D:\\Nam_4_2025_2026\\Mobile\\BTL\\programming_mobile_e_learning_N23\\e-learning-frontend\\utils\\formatDuration.ts","statementMap":{"0":{"start":{"line":1,"column":30},"end":{"line":16,"column":1}},"1":{"start":{"line":2,"column":2},"end":{"line":4,"column":3}},"2":{"start":{"line":3,"column":4},"end":{"line":3,"column":17}},"3":{"start":{"line":5,"column":16},"end":{"line":5,"column":45}},"4":{"start":{"line":6,"column":18},"end":{"line":6,"column":35}},"5":{"start":{"line":8,"column":15},"end":{"line":8,"column":17}},"6":{"start":{"line":9,"column":2},"end":{"line":11,"column":3}},"7":{"start":{"line":10,"column":4},"end":{"line":10,"column":30}},"8":{"start":{"line":12,"column":2},"end":{"line":14,"column":3}},"9":{"start":{"line":13,"column":4},"end":{"line":13,"column":32}},"10":{"start":{"line":15,"column":2},"end":{"line":15,"column":23}}},"fnMap":{"0":{"name":"(anonymous_0)","decl":{"start":{"line":1,"column":30},"end":{"line":1,"column":31}},"loc":{"start":{"line":1,"column":64},"end":{"line":16,"column":1}},"line":1}},"branchMap":{"0":{"loc":{"start":{"line":2,"column":2},"end":{"line":4,"column":3}},"type":"if","locations":[{"start":{"line":2,"column":2},"end":{"line":4,"column":3}},{"start":{},"end":{}}],"line":2},"1":{"loc":{"start":{"line":9,"column":2},"end":{"line":11,"column":3}},"type":"if","locations":[{"start":{"line":9,"column":2},"end":{"line":11,"column":3}},{"start":{},"end":{}}],"line":9},"2":{"loc":{"start":{"line":12,"column":2},"end":{"line":14,"column":3}},"type":"if","locations":[{"start":{"line":12,"column":2},"end":{"line":14,"column":3}},{"start":{},"end":{}}],"line":12}},"s":{"0":2,"1":9,"2":2,"3":7,"4":7,"5":7,"6":7,"7":6,"8":7,"9":3,"10":7},"f":{"0":9},"b":{"0":[2,7],"1":[6,1],"2":[3,4]},"_coverageSchema":"1a1c01bbd47fc00a2c39e90264f33305004495a9","hash":"62b9b0a230420e97e31cb4fb79649d3852028555"}
}
