TN:
SF:api\api.ts
FN:11,(anonymous_0)
FN:20,(anonymous_1)
FN:24,(anonymous_2)
FNF:3
FNH:0
FNDA:0,(anonymous_0)
FNDA:0,(anonymous_1)
FNDA:0,(anonymous_2)
DA:4,11
DA:6,11
DA:11,11
DA:12,0
DA:13,0
DA:14,0
DA:16,0
DA:19,11
DA:22,0
DA:26,0
DA:28,0
DA:31,0
DA:32,0
DA:36,0
LF:14
LH:4
BRDA:13,0,0,0
BRDA:13,0,1,0
BRDA:26,1,0,0
BRDA:26,1,1,0
BRDA:26,2,0,0
BRDA:26,2,1,0
BRF:6
BRH:0
end_of_record
TN:
SF:app\(tabs)\home.tsx
FN:43,(anonymous_0)
FN:64,(anonymous_1)
FN:96,(anonymous_2)
FN:150,(anonymous_3)
FN:163,(anonymous_4)
FN:200,(anonymous_5)
FN:208,(anonymous_6)
FN:210,(anonymous_7)
FN:217,(anonymous_8)
FN:232,(anonymous_9)
FN:240,(anonymous_10)
FN:241,(anonymous_11)
FN:264,(anonymous_12)
FN:272,(anonymous_13)
FN:273,(anonymous_14)
FN:292,(anonymous_15)
FN:315,(anonymous_16)
FN:335,(anonymous_17)
FN:343,(anonymous_18)
FN:344,(anonymous_19)
FNF:20
FNH:8
FNDA:10,(anonymous_0)
FNDA:10,(anonymous_1)
FNDA:0,(anonymous_2)
FNDA:0,(anonymous_3)
FNDA:0,(anonymous_4)
FNDA:0,(anonymous_5)
FNDA:4,(anonymous_6)
FNDA:2,(anonymous_7)
FNDA:0,(anonymous_8)
FNDA:0,(anonymous_9)
FNDA:2,(anonymous_10)
FNDA:1,(anonymous_11)
FNDA:0,(anonymous_12)
FNDA:0,(anonymous_13)
FNDA:0,(anonymous_14)
FNDA:0,(anonymous_15)
FNDA:0,(anonymous_16)
FNDA:0,(anonymous_17)
FNDA:2,(anonymous_18)
FNDA:1,(anonymous_19)
DA:43,1
DA:45,10
DA:46,10
DA:47,10
DA:55,10
DA:57,10
DA:58,10
DA:59,10
DA:60,10
DA:61,10
DA:63,10
DA:65,10
DA:66,10
DA:67,10
DA:68,10
DA:69,10
DA:73,10
DA:75,10
DA:76,5
DA:85,5
DA:94,5
DA:96,5
DA:99,0
DA:101,0
DA:102,0
DA:105,0
DA:106,0
DA:109,0
DA:113,0
DA:116,0
DA:117,0
DA:120,0
DA:121,0
DA:125,5
DA:150,0
DA:163,0
DA:200,0
DA:208,4
DA:211,2
DA:218,0
DA:232,0
DA:240,2
DA:242,1
DA:243,1
DA:264,0
DA:272,0
DA:274,0
DA:292,0
DA:316,0
DA:335,0
DA:343,2
DA:345,1
LF:52
LH:30
BRDA:57,0,0,10
BRDA:57,0,1,5
BRDA:57,0,2,5
BRDA:58,1,0,10
BRDA:58,1,1,5
BRDA:58,1,2,5
BRDA:59,2,0,10
BRDA:59,2,1,5
BRDA:59,2,2,5
BRDA:60,3,0,10
BRDA:60,3,1,5
BRDA:60,3,2,5
BRDA:61,4,0,10
BRDA:61,4,1,5
BRDA:61,4,2,5
BRDA:73,5,0,10
BRDA:73,5,1,10
BRDA:75,6,0,5
BRDA:75,6,1,5
BRDA:99,7,0,0
BRDA:99,7,1,0
BRDA:99,7,2,0
BRDA:99,7,3,0
BRDA:99,7,4,0
BRDA:139,8,0,5
BRDA:139,8,1,0
BRDA:153,9,0,5
BRDA:153,9,1,0
BRDA:214,10,0,2
BRDA:214,10,1,2
BRDA:216,11,0,2
BRDA:216,11,1,2
BRDA:247,12,0,1
BRDA:247,12,1,0
BRDA:277,13,0,0
BRDA:277,13,1,0
BRDA:320,14,0,0
BRDA:320,14,1,0
BRF:38
BRH:26
end_of_record
TN:
SF:app\(tabs)\mycourses.tsx
FN:32,(anonymous_0)
FN:43,(anonymous_1)
FN:44,(anonymous_2)
FN:71,(anonymous_3)
FN:85,(anonymous_4)
FN:106,(anonymous_5)
FN:114,(anonymous_6)
FN:119,(anonymous_7)
FN:120,(anonymous_8)
FN:124,(anonymous_9)
FN:131,(anonymous_10)
FN:138,(anonymous_11)
FN:203,(anonymous_12)
FN:215,(anonymous_13)
FNF:14
FNH:3
FNDA:0,(anonymous_0)
FNDA:0,(anonymous_1)
FNDA:0,(anonymous_2)
FNDA:521,(anonymous_3)
FNDA:520,(anonymous_4)
FNDA:520,(anonymous_5)
FNDA:0,(anonymous_6)
FNDA:0,(anonymous_7)
FNDA:0,(anonymous_8)
FNDA:0,(anonymous_9)
FNDA:0,(anonymous_10)
FNDA:0,(anonymous_11)
FNDA:0,(anonymous_12)
FNDA:0,(anonymous_13)
DA:32,1
DA:41,0
DA:43,0
DA:45,0
DA:71,1
DA:72,521
DA:73,520
DA:74,520
DA:75,520
DA:78,520
DA:79,520
DA:85,520
DA:86,520
DA:87,520
DA:88,520
DA:91,520
DA:92,416
DA:94,52
DA:100,468
DA:101,468
DA:105,520
DA:107,520
DA:108,520
DA:110,520
DA:114,520
DA:115,0
DA:116,0
DA:119,520
DA:120,520
DA:123,520
DA:125,0
DA:132,0
DA:139,0
DA:147,520
DA:148,520
DA:177,0
DA:204,0
DA:222,0
LF:38
LH:27
BRDA:50,0,0,0
BRDA:50,0,1,0
BRDA:85,1,0,0
BRDA:87,2,0,520
BRDA:87,2,1,0
BRDA:147,3,0,520
BRDA:147,3,1,0
BRF:7
BRH:2
end_of_record
TN:
SF:app\(tabs)\profile.tsx
FN:29,(anonymous_0)
FN:39,(anonymous_1)
FN:41,(anonymous_2)
FN:44,(anonymous_3)
FN:51,(anonymous_4)
FN:52,(anonymous_5)
FN:76,(anonymous_6)
FN:114,(anonymous_7)
FN:205,(anonymous_8)
FNF:9
FNH:6
FNDA:625,(anonymous_0)
FNDA:1872,(anonymous_1)
FNDA:1872,(anonymous_2)
FNDA:624,(anonymous_3)
FNDA:624,(anonymous_4)
FNDA:624,(anonymous_5)
FNDA:0,(anonymous_6)
FNDA:0,(anonymous_7)
FNDA:0,(anonymous_8)
DA:29,1
DA:31,625
DA:32,624
DA:33,624
DA:35,624
DA:36,624
DA:38,624
DA:39,1872
DA:41,1872
DA:43,624
DA:45,624
DA:46,624
DA:50,624
DA:52,624
DA:53,624
DA:54,52
DA:55,52
DA:57,572
DA:58,572
DA:59,572
DA:62,520
DA:64,52
DA:69,572
DA:72,624
DA:76,624
DA:77,0
DA:78,0
DA:80,0
DA:82,0
DA:87,624
DA:114,0
DA:206,0
LF:32
LH:26
BRDA:39,0,0,1872
BRDA:39,0,1,1872
BRDA:53,1,0,52
BRDA:53,1,1,572
BRDA:66,2,0,52
BRDA:66,2,1,52
BRDA:151,3,0,624
BRDA:151,3,1,0
BRDA:165,4,0,624
BRDA:165,4,1,0
BRDA:201,5,0,550
BRDA:201,5,1,74
BRDA:203,6,0,0
BRDA:203,6,1,74
BRF:14
BRH:11
end_of_record
TN:
SF:app\(tabs)\search.tsx
FN:56,(anonymous_0)
FN:67,(anonymous_1)
FN:73,(anonymous_2)
FN:93,(anonymous_3)
FN:95,(anonymous_4)
FN:98,(anonymous_5)
FN:103,(anonymous_6)
FN:105,(anonymous_7)
FN:120,(anonymous_8)
FN:121,(anonymous_9)
FN:125,(anonymous_10)
FN:129,(anonymous_11)
FN:144,(anonymous_12)
FN:150,(anonymous_13)
FN:163,(anonymous_14)
FN:181,(anonymous_15)
FN:185,(anonymous_16)
FN:202,(anonymous_17)
FN:206,(anonymous_18)
FN:219,(anonymous_19)
FN:234,(anonymous_20)
FN:249,(anonymous_21)
FN:250,(anonymous_22)
FN:322,(anonymous_23)
FNF:24
FNH:16
FNDA:18,(anonymous_0)
FNDA:18,(anonymous_1)
FNDA:7,(anonymous_2)
FNDA:7,(anonymous_3)
FNDA:7,(anonymous_4)
FNDA:6,(anonymous_5)
FNDA:0,(anonymous_6)
FNDA:1,(anonymous_7)
FNDA:11,(anonymous_8)
FNDA:1,(anonymous_9)
FNDA:10,(anonymous_10)
FNDA:0,(anonymous_11)
FNDA:2,(anonymous_12)
FNDA:0,(anonymous_13)
FNDA:1,(anonymous_14)
FNDA:18,(anonymous_15)
FNDA:3,(anonymous_16)
FNDA:108,(anonymous_17)
FNDA:0,(anonymous_18)
FNDA:0,(anonymous_19)
FNDA:0,(anonymous_20)
FNDA:0,(anonymous_21)
FNDA:0,(anonymous_22)
FNDA:1,(anonymous_23)
DA:36,1
DA:47,1
DA:56,1
DA:57,18
DA:59,18
DA:60,18
DA:61,18
DA:62,18
DA:63,18
DA:64,18
DA:66,18
DA:68,18
DA:69,18
DA:73,18
DA:74,7
DA:75,7
DA:79,7
DA:82,7
DA:88,0
DA:93,18
DA:94,7
DA:95,7
DA:96,7
DA:98,7
DA:99,6
DA:103,18
DA:105,18
DA:106,1
DA:107,1
DA:108,1
DA:111,1
DA:113,0
DA:115,1
DA:120,18
DA:121,11
DA:122,1
DA:123,0
DA:125,11
DA:129,18
DA:130,0
DA:131,0
DA:132,0
DA:133,0
DA:135,0
DA:138,0
DA:143,18
DA:145,2
DA:151,0
DA:162,18
DA:164,1
DA:180,18
DA:182,18
DA:185,3
DA:203,108
DA:206,0
DA:219,0
DA:235,0
DA:249,0
DA:251,0
DA:283,18
DA:322,1
LF:61
LH:46
BRDA:80,0,0,2
BRDA:80,0,1,5
BRDA:80,1,0,5
BRDA:80,1,1,0
BRDA:83,2,0,6
BRDA:83,2,1,1
BRDA:85,3,0,1
BRDA:85,3,1,0
BRDA:111,4,0,1
BRDA:111,4,1,0
BRDA:122,5,0,1
BRDA:122,5,1,0
BRDA:132,6,0,0
BRDA:132,6,1,0
BRDA:148,7,0,2
BRDA:148,7,1,1
BRDA:149,8,0,2
BRDA:149,8,1,1
BRDA:297,9,0,18
BRDA:297,9,1,6
BRDA:309,10,0,6
BRDA:309,10,1,12
BRDA:310,11,0,0
BRDA:310,11,1,6
BRDA:341,12,0,5
BRDA:341,12,1,1
BRF:26
BRH:19
end_of_record
TN:
SF:app\course\index.tsx
FN:38,asStr
FN:43,(anonymous_1)
FN:54,(anonymous_2)
FN:118,(anonymous_3)
FN:142,(anonymous_4)
FN:149,(anonymous_5)
FN:167,(anonymous_6)
FN:187,(anonymous_7)
FN:200,(anonymous_8)
FN:207,(anonymous_9)
FN:213,(anonymous_10)
FN:221,(anonymous_11)
FN:227,(anonymous_12)
FN:232,(anonymous_13)
FN:233,(anonymous_14)
FN:237,(anonymous_15)
FN:239,(anonymous_16)
FN:307,(anonymous_17)
FNF:18
FNH:9
FNDA:40,asStr
FNDA:4,(anonymous_1)
FNDA:0,(anonymous_2)
FNDA:8,(anonymous_3)
FNDA:8,(anonymous_4)
FNDA:4,(anonymous_5)
FNDA:4,(anonymous_6)
FNDA:0,(anonymous_7)
FNDA:4,(anonymous_8)
FNDA:0,(anonymous_9)
FNDA:0,(anonymous_10)
FNDA:0,(anonymous_11)
FNDA:0,(anonymous_12)
FNDA:0,(anonymous_13)
FNDA:0,(anonymous_14)
FNDA:3,(anonymous_15)
FNDA:0,(anonymous_16)
FNDA:6,(anonymous_17)
DA:39,40
DA:42,1
DA:50,4
DA:56,0
DA:63,0
DA:118,1
DA:119,8
DA:120,8
DA:123,8
DA:126,8
DA:127,8
DA:131,8
DA:132,8
DA:133,8
DA:135,8
DA:136,8
DA:137,8
DA:138,8
DA:139,8
DA:141,8
DA:143,8
DA:144,8
DA:149,8
DA:150,4
DA:151,4
DA:152,4
DA:154,0
DA:156,0
DA:158,0
DA:161,4
DA:166,8
DA:168,4
DA:169,4
DA:180,4
DA:186,4
DA:187,0
DA:189,4
DA:191,0
DA:193,4
DA:194,4
DA:200,8
DA:203,4
DA:204,4
DA:207,8
DA:208,0
DA:209,0
DA:210,0
DA:213,8
DA:214,0
DA:215,0
DA:216,0
DA:217,0
DA:221,8
DA:222,0
DA:223,0
DA:227,8
DA:229,0
DA:232,8
DA:233,0
DA:236,8
DA:238,3
DA:239,0
DA:278,8
DA:279,4
DA:288,4
DA:307,6
LF:66
LH:47
BRDA:39,0,0,0
BRDA:39,0,1,40
BRDA:56,1,0,0
BRDA:56,1,1,0
BRDA:58,2,0,0
BRDA:58,2,1,0
BRDA:60,3,0,0
BRDA:60,3,1,0
BRDA:70,4,0,4
BRDA:70,4,1,0
BRDA:72,5,0,0
BRDA:72,5,1,0
BRDA:74,6,0,0
BRDA:74,6,1,0
BRDA:84,7,0,0
BRDA:84,7,1,4
BRDA:92,8,0,0
BRDA:92,8,1,4
BRDA:96,9,0,0
BRDA:96,9,1,4
BRDA:104,10,0,4
BRDA:104,10,1,4
BRDA:104,10,2,0
BRDA:123,11,0,8
BRDA:123,11,1,8
BRDA:150,12,0,0
BRDA:150,12,1,4
BRDA:151,13,0,0
BRDA:151,13,1,4
BRDA:152,14,0,0
BRDA:152,14,1,0
BRDA:152,14,2,0
BRDA:152,14,3,4
BRDA:152,14,4,4
BRDA:174,15,0,0
BRDA:174,15,1,4
BRDA:180,16,0,0
BRDA:180,16,1,4
BRDA:182,17,0,4
BRDA:182,17,1,0
BRDA:186,18,0,4
BRDA:186,18,1,0
BRDA:214,19,0,0
BRDA:214,19,1,0
BRDA:214,20,0,0
BRDA:214,20,1,0
BRDA:258,21,0,3
BRDA:258,21,1,0
BRDA:258,22,0,3
BRDA:258,22,1,3
BRDA:264,23,0,3
BRDA:264,23,1,3
BRDA:266,24,0,0
BRDA:266,24,1,3
BRDA:278,25,0,4
BRDA:278,25,1,4
BRDA:278,26,0,8
BRDA:278,26,1,4
BRDA:328,27,0,0
BRDA:328,27,1,4
BRDA:330,28,0,3
BRDA:330,28,1,1
BRF:62
BRH:30
end_of_record
TN:
SF:assets\images\teacher.png
FNF:0
FNH:0
DA:1,1
LF:1
LH:1
BRF:0
BRH:0
end_of_record
TN:
SF:components\CategoryCard.tsx
FN:12,(anonymous_0)
FNF:1
FNH:1
FNDA:5,(anonymous_0)
DA:12,2
DA:13,5
LF:2
LH:2
BRF:0
BRH:0
end_of_record
TN:
SF:components\CategoryListItem.tsx
FN:13,(anonymous_0)
FN:14,(anonymous_1)
FNF:2
FNH:2
FNDA:4,(anonymous_0)
FNDA:1,(anonymous_1)
DA:12,2
DA:14,4
DA:15,1
DA:18,4
DA:52,2
LF:5
LH:5
BRF:0
BRH:0
end_of_record
TN:
SF:components\CourseProgressCard.tsx
FN:16,(anonymous_0)
FN:28,(anonymous_1)
FNF:2
FNH:2
FNDA:3,(anonymous_0)
FNDA:1,(anonymous_1)
DA:14,1
DA:16,1
DA:23,3
DA:25,3
DA:28,1
LF:5
LH:5
BRDA:21,0,0,0
BRF:1
BRH:0
end_of_record
TN:
SF:components\CustomToast.tsx
FN:6,(anonymous_0)
FN:27,(anonymous_1)
FN:41,(anonymous_2)
FN:60,(anonymous_3)
FN:65,(anonymous_4)
FN:67,(anonymous_5)
FNF:6
FNH:2
FNDA:1,(anonymous_0)
FNDA:1,(anonymous_1)
FNDA:0,(anonymous_2)
FNDA:0,(anonymous_3)
FNDA:0,(anonymous_4)
FNDA:0,(anonymous_5)
DA:6,1
DA:7,1
DA:27,1
DA:28,1
DA:41,1
DA:42,0
DA:55,1
DA:60,0
DA:65,0
DA:67,0
LF:10
LH:6
BRDA:21,0,0,1
BRDA:21,0,1,1
BRDA:22,1,0,1
BRDA:22,1,1,1
BRDA:35,2,0,1
BRDA:35,2,1,1
BRDA:36,3,0,1
BRDA:36,3,1,1
BRDA:49,4,0,0
BRDA:49,4,1,0
BRDA:50,5,0,0
BRDA:50,5,1,0
BRF:12
BRH:8
end_of_record
TN:
SF:components\EmptyState.tsx
FN:10,(anonymous_0)
FNF:1
FNH:1
FNDA:6,(anonymous_0)
DA:10,4
DA:11,6
LF:2
LH:2
BRF:0
BRH:0
end_of_record
TN:
SF:components\Header.tsx
FN:11,(anonymous_0)
FN:18,(anonymous_1)
FN:31,(anonymous_2)
FNF:3
FNH:1
FNDA:6,(anonymous_0)
FNDA:0,(anonymous_1)
FNDA:0,(anonymous_2)
DA:11,2
DA:12,6
DA:14,6
DA:18,0
DA:31,0
LF:5
LH:3
BRDA:11,0,0,1
BRDA:17,1,0,5
BRDA:17,1,1,1
BRF:3
BRH:3
end_of_record
TN:
SF:components\SavedCourseCard.tsx
FN:21,(anonymous_0)
FN:36,(anonymous_1)
FN:81,(anonymous_2)
FNF:3
FNH:1
FNDA:3,(anonymous_0)
FNDA:0,(anonymous_1)
FNDA:0,(anonymous_2)
DA:18,2
DA:20,2
DA:31,3
DA:32,3
DA:33,3
DA:36,3
DA:37,0
DA:41,3
DA:81,0
DA:101,2
LF:10
LH:8
BRDA:29,0,0,0
BRDA:71,1,0,3
BRDA:71,1,1,0
BRDA:85,2,0,1
BRDA:85,2,1,2
BRDA:87,3,0,1
BRDA:87,3,1,2
BRF:7
BRH:5
end_of_record
TN:
SF:components\SkeletonLoader.tsx
FN:4,(anonymous_0)
FNF:1
FNH:1
FNDA:1,(anonymous_0)
DA:4,2
DA:13,1
LF:2
LH:2
BRF:0
BRH:0
end_of_record
TN:
SF:components\TeacherCard.tsx
FN:14,(anonymous_0)
FN:21,(anonymous_1)
FNF:2
FNH:2
FNDA:3,(anonymous_0)
FNDA:1,(anonymous_1)
DA:14,2
DA:15,3
DA:17,3
DA:21,1
LF:4
LH:4
BRF:0
BRH:0
end_of_record
TN:
SF:components\learning\LessonsTab.tsx
FN:11,(anonymous_0)
FN:17,(anonymous_1)
FN:22,(anonymous_2)
FNF:3
FNH:2
FNDA:3,(anonymous_0)
FNDA:9,(anonymous_1)
FNDA:0,(anonymous_2)
DA:11,1
DA:15,3
DA:18,9
DA:19,9
DA:22,0
LF:5
LH:4
BRDA:24,0,0,3
BRDA:24,0,1,6
BRDA:30,1,0,3
BRDA:30,1,1,6
BRDA:36,2,0,3
BRDA:36,2,1,6
BRDA:45,3,0,3
BRDA:45,3,1,6
BRDA:47,4,0,3
BRDA:47,4,1,6
BRF:10
BRH:10
end_of_record
TN:
SF:components\learning\ProjectsTab.tsx
FN:21,(anonymous_0)
FN:25,(anonymous_1)
FN:26,(anonymous_2)
FN:39,(anonymous_3)
FN:56,(anonymous_4)
FN:57,(anonymous_5)
FNF:6
FNH:5
FNDA:6,(anonymous_0)
FNDA:3,(anonymous_1)
FNDA:3,(anonymous_2)
FNDA:0,(anonymous_3)
FNDA:6,(anonymous_4)
FNDA:4,(anonymous_5)
DA:21,1
DA:22,6
DA:23,6
DA:25,6
DA:26,3
DA:27,3
DA:28,3
DA:29,3
DA:31,0
DA:33,3
DA:36,3
DA:39,6
DA:41,0
DA:48,6
DA:49,3
DA:52,3
DA:56,6
DA:58,4
LF:18
LH:16
BRDA:48,0,0,3
BRDA:48,0,1,3
BRF:2
BRH:2
end_of_record
TN:
SF:components\learning\QandATab.tsx
FN:25,(anonymous_0)
FN:32,(anonymous_1)
FN:33,(anonymous_2)
FN:46,(anonymous_3)
FN:77,(anonymous_4)
FN:78,(anonymous_5)
FNF:6
FNH:3
FNDA:6,(anonymous_0)
FNDA:3,(anonymous_1)
FNDA:3,(anonymous_2)
FNDA:0,(anonymous_3)
FNDA:0,(anonymous_4)
FNDA:0,(anonymous_5)
DA:25,1
DA:26,6
DA:27,6
DA:28,6
DA:29,6
DA:30,6
DA:32,6
DA:33,3
DA:34,3
DA:35,3
DA:36,3
DA:38,0
DA:40,3
DA:43,3
DA:46,6
DA:47,0
DA:48,0
DA:49,0
DA:50,0
DA:54,0
DA:55,0
DA:56,0
DA:58,0
DA:60,0
DA:64,6
DA:65,3
DA:68,3
DA:77,0
DA:79,0
DA:133,1
LF:30
LH:18
BRDA:47,0,0,0
BRDA:47,0,1,0
BRDA:64,1,0,3
BRDA:64,1,1,3
BRDA:71,2,0,3
BRDA:71,2,1,0
BRDA:73,3,0,3
BRDA:73,3,1,0
BRDA:122,4,0,0
BRDA:122,4,1,3
BRF:10
BRH:5
end_of_record
TN:
SF:context\AuthContext.tsx
FN:57,(anonymous_0)
FN:65,(anonymous_1)
FN:83,(anonymous_2)
FN:105,(anonymous_3)
FN:116,(anonymous_4)
FN:135,(anonymous_5)
FN:144,(anonymous_6)
FN:149,(anonymous_7)
FN:160,(anonymous_8)
FN:177,(anonymous_9)
FN:187,(anonymous_10)
FN:205,(anonymous_11)
FN:223,(anonymous_12)
FN:227,(anonymous_13)
FN:232,(anonymous_14)
FN:260,(anonymous_15)
FNF:16
FNH:11
FNDA:24,(anonymous_0)
FNDA:6,(anonymous_1)
FNDA:1,(anonymous_2)
FNDA:2,(anonymous_3)
FNDA:9,(anonymous_4)
FNDA:4,(anonymous_5)
FNDA:0,(anonymous_6)
FNDA:4,(anonymous_7)
FNDA:0,(anonymous_8)
FNDA:4,(anonymous_9)
FNDA:0,(anonymous_10)
FNDA:0,(anonymous_11)
FNDA:0,(anonymous_12)
FNDA:9,(anonymous_13)
FNDA:24,(anonymous_14)
FNDA:13,(anonymous_15)
DA:53,6
DA:57,6
DA:58,24
DA:59,24
DA:60,24
DA:61,24
DA:62,24
DA:63,24
DA:65,24
DA:66,6
DA:67,6
DA:68,4
DA:70,4
DA:71,4
DA:72,4
DA:73,4
DA:74,4
DA:76,4
DA:78,2
DA:79,2
DA:83,24
DA:84,1
DA:85,1
DA:90,1
DA:92,1
DA:93,1
DA:94,1
DA:95,1
DA:96,1
DA:99,0
DA:100,0
DA:101,0
DA:105,24
DA:106,2
DA:107,2
DA:108,2
DA:109,2
DA:110,2
DA:111,2
DA:112,2
DA:113,2
DA:116,24
DA:117,9
DA:118,9
DA:119,9
DA:121,9
DA:122,0
DA:123,0
DA:124,0
DA:126,0
DA:129,0
DA:131,9
DA:135,24
DA:136,4
DA:137,4
DA:138,4
DA:140,0
DA:144,24
DA:145,0
DA:146,0
DA:149,24
DA:150,4
DA:151,4
DA:152,4
DA:153,4
DA:154,4
DA:156,0
DA:160,24
DA:161,0
DA:162,0
DA:163,0
DA:165,0
DA:170,0
DA:177,24
DA:178,4
DA:179,4
DA:180,4
DA:182,0
DA:183,0
DA:187,24
DA:188,0
DA:189,0
DA:190,0
DA:191,0
DA:196,0
DA:197,0
DA:201,0
DA:205,24
DA:206,0
DA:207,0
DA:208,0
DA:209,0
DA:214,0
DA:215,0
DA:219,0
DA:223,24
DA:224,0
DA:227,24
DA:228,9
DA:231,24
DA:232,24
DA:254,24
DA:260,6
DA:261,13
DA:262,13
DA:263,0
DA:265,13
LF:107
LH:72
BRDA:99,0,0,0
BRDA:99,0,1,0
BRDA:121,1,0,0
BRDA:121,1,1,9
BRDA:121,2,0,9
BRDA:121,2,1,0
BRDA:153,3,0,4
BRDA:153,3,1,2
BRDA:198,4,0,0
BRDA:198,4,1,0
BRDA:199,5,0,0
BRDA:199,5,1,0
BRDA:217,6,0,0
BRDA:217,6,1,0
BRDA:262,7,0,0
BRDA:262,7,1,13
BRF:16
BRH:5
end_of_record
TN:
SF:hooks\useFetchData.ts
FN:5,(anonymous_0)
FN:11,(anonymous_1)
FN:13,(anonymous_2)
FN:17,(anonymous_3)
FN:19,(anonymous_4)
FN:36,(anonymous_5)
FN:40,(anonymous_6)
FNF:7
FNH:7
FNDA:22,(anonymous_0)
FNDA:22,(anonymous_1)
FNDA:11,(anonymous_2)
FNDA:32,(anonymous_3)
FNDA:31,(anonymous_4)
FNDA:10,(anonymous_5)
FNDA:1,(anonymous_6)
DA:5,2
DA:6,22
DA:7,22
DA:8,22
DA:11,22
DA:13,22
DA:14,11
DA:15,11
DA:16,11
DA:17,32
DA:19,31
DA:20,10
DA:22,1
DA:27,1
DA:28,1
DA:31,11
DA:32,11
DA:36,22
DA:37,10
DA:40,22
DA:41,1
DA:42,1
DA:45,22
LF:23
LH:23
BRDA:27,0,0,1
BRDA:27,0,1,0
BRF:2
BRH:1
end_of_record
TN:
SF:utils\formatDuration.ts
FN:1,(anonymous_0)
FNF:1
FNH:1
FNDA:9,(anonymous_0)
DA:1,2
DA:2,9
DA:3,2
DA:5,7
DA:6,7
DA:8,7
DA:9,7
DA:10,6
DA:12,7
DA:13,3
DA:15,7
LF:11
LH:11
BRDA:2,0,0,2
BRDA:2,0,1,7
BRDA:9,1,0,6
BRDA:9,1,1,1
BRDA:12,2,0,3
BRDA:12,2,1,4
BRF:6
BRH:6
end_of_record
